============================================================
  Generated by:           Genus(TM) Synthesis Solution 21.15-s080_1
  Generated on:           Nov 25 2025  10:24:34 pm
  Module:                 I2CAndMemory
  Library domain:         PVT_1_80_V_WC_TC
    Domain index:         0
    Technology libraries: D_CELLS_HD_LPMOS_slow_1_62V_175C 3.0.0
                          IO_CELLS_3V_LPMOS_slow_1_62V_3_00V_175C 2.1.0
  Library domain:         PVT_1_80_V_TYP_TC
    Domain index:         1
    Technology libraries: D_CELLS_HD_LPMOS_typ_1_80V_25C 3.0.0
                          IO_CELLS_3V_LPMOS_typ_1_80V_3_30V_25C 2.1.0
  Library domain:         PVT_1_80_V_BC_TC
    Domain index:         2
    Technology libraries: D_CELLS_HD_LPMOS_fast_1_98V_m40C 3.0.0
                          IO_CELLS_3V_LPMOS_fast_1_98V_3_60V_m40C 2.1.0
  Operating conditions:   slow_1_62V_175C 
  Operating conditions:   typ_1_80V_25C 
  Operating conditions:   fast_1_98V_m40C 
  Interconnect mode:      global
  Area mode:              physical library
============================================================

  Instance     Module   Cell Count  Cell Area  Net Area   Combinational   Buffer   Inverter     Flop     Latch   Clock-Gate   Memory   Macro   Total Area 
----------------------------------------------------------------------------------------------------------------------------------------------------------
I2CAndMemory                  1844  56661.248 25267.193       20030.259    0.000    203.213  36427.776   0.000        0.000    0.000   0.000    81928.441 
  i2c_inst   I2C_Slave         214   5210.778  2835.573        2433.536    0.000     75.264   2701.978   0.000        0.000    0.000   0.000     8046.351 
  mem_inst   Memory           1630  51450.470 17423.278       17596.723    0.000    127.949  33725.798   0.000        0.000    0.000   0.000    68873.748 
