
Cadence Innovus(TM) Implementation System.
Copyright 2021 Cadence Design Systems, Inc. All rights reserved worldwide.

Version:	v21.35-s114_1, built Thu Oct 13 12:11:47 PDT 2022
Options:	-log extLogDir/IQuantus_10-Feb-2026_21:56:50_917529_PpnvDO/extr.I2CAndMemory.0.parallel_processing_0.log -noMultiCpuLicCheckout -DP -x 0001B027D7... -edpId 0 -edpHost cn92.it.auth.gr -edpPort 35575 -nowin -nologv -init /home/p/paschalk/Desktop/I2C_Memory/flows/innovus/.917529_soce_slave_0 
Date:		Tue Feb 10 21:56:57 2026
Host:		cn92.it.auth.gr (x86_64 w/Linux 5.14.0-570.52.1.el9_6.x86_64) (12cores*12cpus*AMD EPYC 7352 24-Core Processor 512KB)
OS:		Rocky Linux release 9.7 (Blue Onyx)

License:
		[21:56:57.064977] Configured Lic search path (21.01-s002): 5280@cadence-r.it.auth.gr

		Running innovus (-x) with Innovus_Impl_System capability.
The soft stacksize limit is either up to the hard limit or larger than 0.2% of RAM. No change is needed.

**INFO:  MMMC transition support version v31-84 

<CMD> set_global _enable_mmmc_by_default_flow      $CTE::mmmc_default
<CMD> suppressMessage ENCEXT-2799
<CMD> getVersion
<CMD> getVersion
<CMD> getVersion
[INFO] Loading PVS 21.12 fill procedures
**WARN: Tk package not loaded. The PVS fill DRC monitor is disabled.
Sourcing file "/home/p/paschalk/Desktop/I2C_Memory/flows/innovus/.917529_soce_slave_0" ...
<CMD> setLimitedAccessFeature invsHierModuleModel 1
**WARN: (IMPSE-524):	The feature invsHierModuleModel is now a Production feature. The use of 'setLimitedAccessFeature invsHierModuleModel 1' is no longer required.
EDP: start server on cn92.it.auth.gr:40029
Tue Feb 10 21:57:22 2026: Successfully connected to the master.
sending server data to client cn92.it.auth.gr 40029 0 945033 

Started sub-activity 0 out of 4 for Extraction...

INFO (EXTIQUANTUS-101) : 
  Integrated Quantus - 64-bit Parasitic Extractor - Version 21.1.1-s867
-------------------------------------------------------------------------
               Copyright 2022 Cadence Design Systems, Inc.


INFO (EXTIQUANTUS-103) : Starting at 2026-Feb-10 21:57:23 (2026-Feb-10 19:57:23 GMT).

INFO (EXTIQUANTUS-159) : Loading technology data from file:
 
/tmp/innovus_temp_917529_cn92.it.auth.gr_paschalk_fZt9b6/iqrc_tmp_917529_Cmh3n2/.qrctemp/CceRCGEN0tch945033

INFO (EXTIQUANTUS-289) : Loading RCgen extraction models from file:
 
/tmp/innovus_temp_917529_cn92.it.auth.gr_paschalk_fZt9b6/iqrc_tmp_917529_Cmh3n2/.qrctemp/CceRCGEN0tch945033

INFO (EXTIQUANTUS-345) : Checking Command/Tech/License Files. 

INFO (EXTIQUANTUS-383) : Summary of license(s) checkout :
	No license checkout.

INFO (EXTIQUANTUS-105) : Starting design extraction....

INFO (EXTIQUANTUS-282) : Checking Command/Tech Files. 

INFO (EXTIQUANTUS-277) : Manufacturing Data Information :- 
  DEF/GDS file 
    does     contain MetalFill data. 
  Techfile  
    does     contain WEE data.     
    does NOT contain Erosion data t=f( density ) 
    does NOT contain R(w) data.    
    does NOT contain R(w, s) data.  
    does NOT contain TC(w) data.    
    does     contain T/B enlargement data. 
    does     contain Floating Metal Fill models. 

INFO (EXTIQUANTUS-287) : Capacitance Models Information :- 
 ICECAPS models are not available. 
 RCgen   models are     available. 
 This IQuantus session uses RCgen models.

INFO (EXTIQUANTUS-286) : RCs effects computed for this session include :- 
 MetalFill        : floating 
 WEE Effects      : rc 
 Erosion Effects  : n/a t=f( density ) 
 T/B Enlargements : ON 
 R(w) Effects     : n/a 
 R(w,s) Effects   : n/a 
 TC(w) Effects     : n/a 
Some effects indicate n/a because of non-availability of relevantinput data
(or) requested to be off (and/or) usage of older Icecaps models.

INFO (EXTHPY-103) : Extracting capacitance values.

INFO (EXTHPY-267) :  
 DESIGN                       : 
 DEF/OA DIEAREA BBOX          : 2147483647 2147483647 -2147483648
-2147483648
 DEF/OA UNITS                 : 10000
 FINAL SCALE FACTOR           : 1
 
 ESTIMATED COMPRESSED DEF SIZE: 0
 TILE SIZE                    : 100x100 squm
 TILE COUNT                   : 16
 CLUSTER SIZE                 : 257
 CAPDB PARTITIONS             : 16

INFO (EXTHPY-104) :    0%

INFO (EXTHPY-104) :    33%

INFO (EXTHPY-104) :    67%

INFO (EXTHPY-104) :    100%

Ending at 2026-Feb-10 21:57:28 (2026-Feb-10 19:57:28 GMT).
  Executed by:           paschalk
  Execution host:        cn92.it.auth.gr
  Run duration:          00:00:05 CPU time, 00:00:05 clock time
  Memory used:           3318 Mb

  Warning messages:      0
  Error messages:        0
  Fatal error messages:  0

Exit code 0.
IQuantus exited successfully.
Sub-activity 0 of Extraction Successfully Completed.

*** Memory Usage v#1 (Current mem = 1528.277M, initial mem = 657.855M) ***
*** Message Summary: 1 warning(s), 0 error(s)

--- Ending "Innovus" (totcpu=0:00:25.5, real=0:00:36.0, mem=1528.3M) ---
