============================================================
  Generated by:           Genus(TM) Synthesis Solution 21.15-s080_1
  Generated on:           Nov 25 2025  10:24:40 pm
  Module:                 I2CAndMemory
  Operating conditions:   slow_1_62V_175C 
  Operating conditions:   typ_1_80V_25C 
  Operating conditions:   fast_1_98V_m40C 
  Interconnect mode:      global
  Area mode:              physical library
============================================================

                                  Leakage    Internal                                      Library 
   Gate    Instances    Area    Power (nW)  Power (nW)               Library                Domain 
---------------------------------------------------------------------------------------------------
AN211HDX1          1     15.053      1.340      36.630    D_CELLS_HD_LPMOS_slow_1_62V_175C       0 
AN21HDX1           6     75.264      6.912     163.909    D_CELLS_HD_LPMOS_slow_1_62V_175C       0 
AN221HDX1          9    180.634     16.620      76.920    D_CELLS_HD_LPMOS_slow_1_62V_175C       0 
AN22HDX1         137   2062.234    160.958     856.983    D_CELLS_HD_LPMOS_slow_1_62V_175C       0 
AN311HDX0          1     17.562      0.725      20.246    D_CELLS_HD_LPMOS_slow_1_62V_175C       0 
AN31HDX1           1     15.053      1.174      16.400    D_CELLS_HD_LPMOS_slow_1_62V_175C       0 
AN321HDX0          5    100.352      7.072      84.831    D_CELLS_HD_LPMOS_slow_1_62V_175C       0 
AN32HDX1           2     35.123      2.326      71.736    D_CELLS_HD_LPMOS_slow_1_62V_175C       0 
AND2HDX1           9    112.896      9.786     182.979    D_CELLS_HD_LPMOS_slow_1_62V_175C       0 
AND6HDX1           8    220.774     29.042     145.710    D_CELLS_HD_LPMOS_slow_1_62V_175C       0 
AO211HDX0          2     35.123      2.857      38.733    D_CELLS_HD_LPMOS_slow_1_62V_175C       0 
AO211HDX1          1     17.562      1.234      40.605    D_CELLS_HD_LPMOS_slow_1_62V_175C       0 
AO21HDX1           1     17.562      1.880      53.132    D_CELLS_HD_LPMOS_slow_1_62V_175C       0 
AO221HDX0          9    203.213     18.756      73.766    D_CELLS_HD_LPMOS_slow_1_62V_175C       0 
AO222HDX0         24    602.112     39.742     898.587    D_CELLS_HD_LPMOS_slow_1_62V_175C       0 
AO22HDX1           8    160.563     12.539      15.004    D_CELLS_HD_LPMOS_slow_1_62V_175C       0 
AO311HDX0          1     20.070      2.049      29.142    D_CELLS_HD_LPMOS_slow_1_62V_175C       0 
AO321HDX0          1     25.088      1.796      26.148    D_CELLS_HD_LPMOS_slow_1_62V_175C       0 
AO32HDX0           8    160.563     10.509     454.918    D_CELLS_HD_LPMOS_slow_1_62V_175C       0 
AO32HDX1           1     20.070      1.395      26.503    D_CELLS_HD_LPMOS_slow_1_62V_175C       0 
BTHHDX1            1     22.579      2.338      32.489    D_CELLS_HD_LPMOS_slow_1_62V_175C       0 
BTLHDX1            1     22.579      2.050      31.397    D_CELLS_HD_LPMOS_slow_1_62V_175C       0 
DFFRQHDX1          1     55.194      4.354     583.380    D_CELLS_HD_LPMOS_slow_1_62V_175C       0 
DFFSHDX0          19   1096.346     85.666    9274.332    D_CELLS_HD_LPMOS_slow_1_62V_175C       0 
DFFSQHDX1         18    948.326     77.299    8910.032    D_CELLS_HD_LPMOS_slow_1_62V_175C       0 
DFRRHDX1          11    662.323     52.917    6710.749    D_CELLS_HD_LPMOS_slow_1_62V_175C       0 
DFRRQHDX1        609  33612.902   2663.593  352238.413    D_CELLS_HD_LPMOS_slow_1_62V_175C       0 
DFRSQHDX1          1     52.685      4.416     626.905    D_CELLS_HD_LPMOS_slow_1_62V_175C       0 
EN2HDX0            1     20.070      1.438      23.850    D_CELLS_HD_LPMOS_slow_1_62V_175C       0 
EO2HDX0            2     40.141      3.266      67.395    D_CELLS_HD_LPMOS_slow_1_62V_175C       0 
INHDX1            27    203.213     19.573     194.034    D_CELLS_HD_LPMOS_slow_1_62V_175C       0 
MU2HDX0          561  11259.494    984.992   11682.389    D_CELLS_HD_LPMOS_slow_1_62V_175C       0 
MU2IHDX1          10    175.616     13.496     321.974    D_CELLS_HD_LPMOS_slow_1_62V_175C       0 
NA22HDX1          14    210.739     20.294     489.056    D_CELLS_HD_LPMOS_slow_1_62V_175C       0 
NA2HDX1           99    993.485     47.795     436.919    D_CELLS_HD_LPMOS_slow_1_62V_175C       0 
NA2I1HDX1         12    150.528     13.790     286.608    D_CELLS_HD_LPMOS_slow_1_62V_175C       0 
NA3HDX1            2     25.088      1.072      25.109    D_CELLS_HD_LPMOS_slow_1_62V_175C       0 
NA3I1HDX1          1     15.053      1.476      57.589    D_CELLS_HD_LPMOS_slow_1_62V_175C       0 
NA3I2HDX1          2     30.106      1.411      47.656    D_CELLS_HD_LPMOS_slow_1_62V_175C       0 
NA4HDX1           20    301.056     23.654     466.143    D_CELLS_HD_LPMOS_slow_1_62V_175C       0 
NA4I3HDX0          1     17.562      0.688      29.445    D_CELLS_HD_LPMOS_slow_1_62V_175C       0 
NA4I3HDX1          1     17.562      0.740      14.606    D_CELLS_HD_LPMOS_slow_1_62V_175C       0 
NA5I3HDX1          2     40.141      2.083      59.765    D_CELLS_HD_LPMOS_slow_1_62V_175C       0 
NO22HDX0           1     15.053      1.460      43.523    D_CELLS_HD_LPMOS_slow_1_62V_175C       0 
NO22HDX2           1     22.579      2.492     123.165    D_CELLS_HD_LPMOS_slow_1_62V_175C       0 
NO2HDX0            1     10.035      0.925      13.713    D_CELLS_HD_LPMOS_slow_1_62V_175C       0 
NO2HDX1           81    812.851     39.995     493.028    D_CELLS_HD_LPMOS_slow_1_62V_175C       0 
NO2I1HDX1         24    301.056     28.011     442.899    D_CELLS_HD_LPMOS_slow_1_62V_175C       0 
NO3HDX0            2     25.088      0.341       3.778    D_CELLS_HD_LPMOS_slow_1_62V_175C       0 
NO3HDX1            1     12.544      0.383       4.959    D_CELLS_HD_LPMOS_slow_1_62V_175C       0 
NO3I1HDX0          1     15.053      0.720      10.405    D_CELLS_HD_LPMOS_slow_1_62V_175C       0 
NO3I2HDX1          3     45.158      2.860      18.465    D_CELLS_HD_LPMOS_slow_1_62V_175C       0 
NO4I2HDX0          4     70.246      2.524      40.196    D_CELLS_HD_LPMOS_slow_1_62V_175C       0 
NO4I3HDX0          2     35.123      1.757      49.672    D_CELLS_HD_LPMOS_slow_1_62V_175C       0 
NO5I3HDX1          2     40.141      2.695      85.624    D_CELLS_HD_LPMOS_slow_1_62V_175C       0 
NO6I5HDX1          8    220.774     22.777     785.419    D_CELLS_HD_LPMOS_slow_1_62V_175C       0 
OA211HDX0          1     17.562      1.373      22.259    D_CELLS_HD_LPMOS_slow_1_62V_175C       0 
OA21HDX1           1     17.562      1.397      70.398    D_CELLS_HD_LPMOS_slow_1_62V_175C       0 
OA221HDX1          1     25.088      1.545      42.765    D_CELLS_HD_LPMOS_slow_1_62V_175C       0 
OA22HDX1           4     80.282      5.531      72.033    D_CELLS_HD_LPMOS_slow_1_62V_175C       0 
OA31HDX1           1     20.070      1.363      12.591    D_CELLS_HD_LPMOS_slow_1_62V_175C       0 
OA321HDX1          1     25.088      1.482      52.622    D_CELLS_HD_LPMOS_slow_1_62V_175C       0 
OA32HDX1           1     22.579      1.346      10.718    D_CELLS_HD_LPMOS_slow_1_62V_175C       0 
ON211HDX0          2     30.106      1.305      35.847    D_CELLS_HD_LPMOS_slow_1_62V_175C       0 
ON21HDX1          28    351.232     20.016     276.906    D_CELLS_HD_LPMOS_slow_1_62V_175C       0 
ON221HDX0          4     80.282      2.907     121.648    D_CELLS_HD_LPMOS_slow_1_62V_175C       0 
ON22HDX0           5     75.264      3.552      57.924    D_CELLS_HD_LPMOS_slow_1_62V_175C       0 
ON311HDX0          3     52.685      1.887      44.131    D_CELLS_HD_LPMOS_slow_1_62V_175C       0 
ON31HDX0           1     15.053      0.614      22.857    D_CELLS_HD_LPMOS_slow_1_62V_175C       0 
ON321HDX0          4     90.317      2.998      85.910    D_CELLS_HD_LPMOS_slow_1_62V_175C       0 
OR2HDX1            5     62.720      5.667      61.752    D_CELLS_HD_LPMOS_slow_1_62V_175C       0 
---------------------------------------------------------------------------------------------------
total           1844  56661.248   4517.034  399028.322                                     


                                            Leakage  Leakage  Internal  Internal 
     Type      Instances    Area   Area % Power (nW) Power % Power (nW)  Power % 
---------------------------------------------------------------------------------
sequential           659 36427.776   64.3   2888.245    63.9 378343.811     94.8 
inverter              27   203.213    0.4     19.573     0.4    194.034      0.0 
tristate               2    45.158    0.1      4.387     0.1     63.886      0.0 
logic               1156 19985.101   35.3   1604.828    35.5  20426.591      5.1 
physical_cells         0     0.000    0.0      0.000     0.0      0.000      0.0 
---------------------------------------------------------------------------------
total               1844 56661.248  100.0   4517.034   100.0 399028.322    100.0 

