============================================================
  Generated by:           Genus(TM) Synthesis Solution 21.15-s080_1
  Generated on:           Nov 25 2025  10:24:40 pm
  Module:                 I2CAndMemory
  Operating conditions:   slow_1_62V_175C 
  Operating conditions:   typ_1_80V_25C 
  Operating conditions:   fast_1_98V_m40C 
  Interconnect mode:      global
  Area mode:              physical library
============================================================

                                  Leakage    Internal                                    Library 
   Gate    Instances    Area    Power (nW)  Power (nW)              Library               Domain 
-------------------------------------------------------------------------------------------------
AN211HDX1          1     15.053      0.003      38.915    D_CELLS_HD_LPMOS_typ_1_80V_25C       1 
AN21HDX1           6     75.264      0.017     183.384    D_CELLS_HD_LPMOS_typ_1_80V_25C       1 
AN221HDX1          9    180.634      0.051      80.877    D_CELLS_HD_LPMOS_typ_1_80V_25C       1 
AN22HDX1         137   2062.234      0.400     949.061    D_CELLS_HD_LPMOS_typ_1_80V_25C       1 
AN311HDX0          1     17.562      0.002      21.460    D_CELLS_HD_LPMOS_typ_1_80V_25C       1 
AN31HDX1           1     15.053      0.003      17.277    D_CELLS_HD_LPMOS_typ_1_80V_25C       1 
AN321HDX0          5    100.352      0.023      89.801    D_CELLS_HD_LPMOS_typ_1_80V_25C       1 
AN32HDX1           2     35.123      0.005      74.822    D_CELLS_HD_LPMOS_typ_1_80V_25C       1 
AND2HDX1           9    112.896      0.023     205.125    D_CELLS_HD_LPMOS_typ_1_80V_25C       1 
AND6HDX1           8    220.774      0.059     162.357    D_CELLS_HD_LPMOS_typ_1_80V_25C       1 
AO211HDX0          2     35.123      0.010      42.861    D_CELLS_HD_LPMOS_typ_1_80V_25C       1 
AO211HDX1          1     17.562      0.003      44.720    D_CELLS_HD_LPMOS_typ_1_80V_25C       1 
AO21HDX1           1     17.562      0.005      57.482    D_CELLS_HD_LPMOS_typ_1_80V_25C       1 
AO221HDX0          9    203.213      0.062      78.985    D_CELLS_HD_LPMOS_typ_1_80V_25C       1 
AO222HDX0         24    602.112      0.122     970.215    D_CELLS_HD_LPMOS_typ_1_80V_25C       1 
AO22HDX1           8    160.563      0.035      16.468    D_CELLS_HD_LPMOS_typ_1_80V_25C       1 
AO311HDX0          1     20.070      0.007      33.374    D_CELLS_HD_LPMOS_typ_1_80V_25C       1 
AO321HDX0          1     25.088      0.006      28.486    D_CELLS_HD_LPMOS_typ_1_80V_25C       1 
AO32HDX0           8    160.563      0.031     529.542    D_CELLS_HD_LPMOS_typ_1_80V_25C       1 
AO32HDX1           1     20.070      0.003      29.267    D_CELLS_HD_LPMOS_typ_1_80V_25C       1 
BTHHDX1            1     22.579      0.007      37.325    D_CELLS_HD_LPMOS_typ_1_80V_25C       1 
BTLHDX1            1     22.579      0.006      34.464    D_CELLS_HD_LPMOS_typ_1_80V_25C       1 
DFFRQHDX1          1     55.194      0.011     641.048    D_CELLS_HD_LPMOS_typ_1_80V_25C       1 
DFFSHDX0          19   1096.346      0.234   10290.755    D_CELLS_HD_LPMOS_typ_1_80V_25C       1 
DFFSQHDX1         18    948.326      0.216    9879.655    D_CELLS_HD_LPMOS_typ_1_80V_25C       1 
DFRRHDX1          11    662.323      0.133    7394.944    D_CELLS_HD_LPMOS_typ_1_80V_25C       1 
DFRRQHDX1        609  33612.902      6.619  389538.313    D_CELLS_HD_LPMOS_typ_1_80V_25C       1 
DFRSQHDX1          1     52.685      0.012     695.393    D_CELLS_HD_LPMOS_typ_1_80V_25C       1 
EN2HDX0            1     20.070      0.004      25.785    D_CELLS_HD_LPMOS_typ_1_80V_25C       1 
EO2HDX0            2     40.141      0.011      73.730    D_CELLS_HD_LPMOS_typ_1_80V_25C       1 
INHDX1            27    203.213      0.052     257.674    D_CELLS_HD_LPMOS_typ_1_80V_25C       1 
MU2HDX0          561  11259.494      2.852   13007.587    D_CELLS_HD_LPMOS_typ_1_80V_25C       1 
MU2IHDX1          10    175.616      0.034     364.983    D_CELLS_HD_LPMOS_typ_1_80V_25C       1 
NA22HDX1          14    210.739      0.031     570.765    D_CELLS_HD_LPMOS_typ_1_80V_25C       1 
NA2HDX1           99    993.485      0.104     498.285    D_CELLS_HD_LPMOS_typ_1_80V_25C       1 
NA2I1HDX1         12    150.528      0.035     323.795    D_CELLS_HD_LPMOS_typ_1_80V_25C       1 
NA3HDX1            2     25.088      0.002      27.940    D_CELLS_HD_LPMOS_typ_1_80V_25C       1 
NA3I1HDX1          1     15.053      0.004      62.192    D_CELLS_HD_LPMOS_typ_1_80V_25C       1 
NA3I2HDX1          2     30.106      0.003      54.011    D_CELLS_HD_LPMOS_typ_1_80V_25C       1 
NA4HDX1           20    301.056      0.039     495.865    D_CELLS_HD_LPMOS_typ_1_80V_25C       1 
NA4I3HDX0          1     17.562      0.002      32.788    D_CELLS_HD_LPMOS_typ_1_80V_25C       1 
NA4I3HDX1          1     17.562      0.002      15.792    D_CELLS_HD_LPMOS_typ_1_80V_25C       1 
NA5I3HDX1          2     40.141      0.005      65.640    D_CELLS_HD_LPMOS_typ_1_80V_25C       1 
NO22HDX0           1     15.053      0.005      48.285    D_CELLS_HD_LPMOS_typ_1_80V_25C       1 
NO22HDX2           1     22.579      0.006     135.922    D_CELLS_HD_LPMOS_typ_1_80V_25C       1 
NO2HDX0            1     10.035      0.003      16.852    D_CELLS_HD_LPMOS_typ_1_80V_25C       1 
NO2HDX1           81    812.851      0.061     545.804    D_CELLS_HD_LPMOS_typ_1_80V_25C       1 
NO2I1HDX1         24    301.056      0.077     509.663    D_CELLS_HD_LPMOS_typ_1_80V_25C       1 
NO3HDX0            2     25.088      0.000       4.095    D_CELLS_HD_LPMOS_typ_1_80V_25C       1 
NO3HDX1            1     12.544      0.000       5.302    D_CELLS_HD_LPMOS_typ_1_80V_25C       1 
NO3I1HDX0          1     15.053      0.002      12.883    D_CELLS_HD_LPMOS_typ_1_80V_25C       1 
NO3I2HDX1          3     45.158      0.006      21.082    D_CELLS_HD_LPMOS_typ_1_80V_25C       1 
NO4I2HDX0          4     70.246      0.007      45.671    D_CELLS_HD_LPMOS_typ_1_80V_25C       1 
NO4I3HDX0          2     35.123      0.005      56.061    D_CELLS_HD_LPMOS_typ_1_80V_25C       1 
NO5I3HDX1          2     40.141      0.005      90.317    D_CELLS_HD_LPMOS_typ_1_80V_25C       1 
NO6I5HDX1          8    220.774      0.055     876.685    D_CELLS_HD_LPMOS_typ_1_80V_25C       1 
OA211HDX0          1     17.562      0.004      24.131    D_CELLS_HD_LPMOS_typ_1_80V_25C       1 
OA21HDX1           1     17.562      0.003      79.247    D_CELLS_HD_LPMOS_typ_1_80V_25C       1 
OA221HDX1          1     25.088      0.004      45.711    D_CELLS_HD_LPMOS_typ_1_80V_25C       1 
OA22HDX1           4     80.282      0.013      79.037    D_CELLS_HD_LPMOS_typ_1_80V_25C       1 
OA31HDX1           1     20.070      0.003      13.935    D_CELLS_HD_LPMOS_typ_1_80V_25C       1 
OA321HDX1          1     25.088      0.003      56.633    D_CELLS_HD_LPMOS_typ_1_80V_25C       1 
OA32HDX1           1     22.579      0.003      11.495    D_CELLS_HD_LPMOS_typ_1_80V_25C       1 
ON211HDX0          2     30.106      0.003      38.854    D_CELLS_HD_LPMOS_typ_1_80V_25C       1 
ON21HDX1          28    351.232      0.026     315.157    D_CELLS_HD_LPMOS_typ_1_80V_25C       1 
ON221HDX0          4     80.282      0.008     131.526    D_CELLS_HD_LPMOS_typ_1_80V_25C       1 
ON22HDX0           5     75.264      0.009      60.706    D_CELLS_HD_LPMOS_typ_1_80V_25C       1 
ON311HDX0          3     52.685      0.004      46.787    D_CELLS_HD_LPMOS_typ_1_80V_25C       1 
ON31HDX0           1     15.053      0.002      25.353    D_CELLS_HD_LPMOS_typ_1_80V_25C       1 
ON321HDX0          4     90.317      0.008      90.750    D_CELLS_HD_LPMOS_typ_1_80V_25C       1 
OR2HDX1            5     62.720      0.015      69.887    D_CELLS_HD_LPMOS_typ_1_80V_25C       1 
-------------------------------------------------------------------------------------------------
total           1844  56661.248     11.624  441501.039                                   


                                            Leakage  Leakage  Internal  Internal 
     Type      Instances    Area   Area % Power (nW) Power % Power (nW)  Power % 
---------------------------------------------------------------------------------
sequential           659 36427.776   64.3      7.225    62.2 418440.107     94.8 
inverter              27   203.213    0.4      0.052     0.4    257.674      0.1 
tristate               2    45.158    0.1      0.013     0.1     71.789      0.0 
logic               1156 19985.101   35.3      4.335    37.3  22731.469      5.1 
physical_cells         0     0.000    0.0      0.000     0.0      0.000      0.0 
---------------------------------------------------------------------------------
total               1844 56661.248  100.0     11.624   100.0 441501.039    100.0 

