* Missing Cell Power-Grid Views

Cell Name
------------------------------------------------------------------


* Physically Disconnected Instances



* Instances with Floating Power Pins


* Disconnected Wire Segments

Layer           | Internal to Cell | Location (um)
------------------------------------------------------------------
MET1            | no               |(304.97, 159.345)
MET1            | no               |(250.27, 168.285)
MET1            | no               |(231.79, 257.85)
MET1            | no               |(225.615, 42.6)
MET1            | no               |(213.59, 103.88)
MET1            | no               |(184.47, 59.08)
MET1            | no               |(98.33, 229.32)
MET1            | no               |(73.09, 15.74)
MET1            | no               |(71.525, 15.74)
MET1            | no               |(35.87, 157.815)
MET1            | no               |(32.17, 283.32)


* Weakly Connected Metal Segments

Layer      | Location (um)
------------------------------------------------------------------
MET2       | (14.26, 158.48)
MET2       | (15.2, 77.84)
MET2       | (15.66, 167.44)
MET2       | (16.925, 176.62)
MET2       | (18.475, 78.3)
MET2       | (20.14, 122.64)
MET2       | (19.86, 167.46)
MET2       | (20.8, 50.96)
MET2       | (21.07, 248.485)
MET2       | (21.82, 86.8)
MET2       | (21.96, 212.24)
MET2       | (22.155, 60.14)
MET2       | (22.38, 95.76)
MET2       | (22.94, 167.46)
MET2       | (22.38, 194.32)
MET2       | (22.42, 221.2)
MET2       | (23.78, 203.28)
MET2       | (23.92, 212.24)
MET2       | (24.34, 248.08)
MET2       | (24.62, 95.76)
MET2       | (24.9, 122.64)
MET2       | (24.62, 176.4)
MET2       | (25.18, 266)
MET2       | (25.46, 113.68)
MET2       | (27.7, 131.6)
MET2       | (28.53, 140)
MET2       | (28.26, 266)
MET2       | (29.38, 42)
MET2       | (29.38, 68.88)
MET2       | (29.65, 113.46)
MET2       | (29.65, 239.12)
MET2       | (29.94, 158.48)
MET2       | (30.22, 203.28)
MET2       | (30.26, 33.26)
MET2       | (30.5, 167.38)
MET2       | (31.9, 50.96)
MET2       | (31.9, 78.06)
MET2       | (31.9, 212.24)
MET2       | (32.17, 283.32)
MET2       | (33.165, 149.025)
MET2       | (33.58, 24.08)
MET2       | (35.08, 15.12)
MET2       | (35.82, 131.6)
MET2       | (35.87, 157.815)
MET2       | (35.82, 176.4)
MET2       | (36.94, 266.22)
MET2       | (36.94, 257.04)
MET2       | (37.5, 212.24)
MET2       | (37.5, 248.08)
MET2       | (37.88, 15.12)
MET2       | (38.06, 292.88)
MET2       | (38.66, 68.98)
MET2       | (39.18, 149.42)
MET2       | (39.74, 203.28)
MET2       | (39.74, 266)
MET2       | (40.02, 248.08)
MET2       | (41.7, 68.88)
MET2       | (41.98, 248.08)
MET2       | (41.74, 257.04)
MET2       | (42.08, 24.08)
MET2       | (42.54, 59.92)
MET2       | (43.66, 68.88)
MET2       | (43.1, 274.96)
MET2       | (45.9, 273.46)
MET2       | (49.78, 95.76)
MET2       | (50.66, 15.12)
MET2       | (50.66, 194.32)
MET2       | (50.955, 113.24)
MET2       | (50.7, 221.2)
MET2       | (50.94, 167.44)
MET2       | (50.97, 104.94)
MET2       | (52.11, 211.68)
MET2       | (52.06, 248.08)
MET2       | (52.215, 77.62)
MET2       | (52.145, 23.55)
MET2       | (52.9, 42)
MET2       | (53.18, 149.74)
MET2       | (53.46, 167.44)
MET2       | (53.46, 176.4)
MET2       | (53.74, 221.2)
MET2       | (53.74, 230.16)
MET2       | (54.3, 248.3)
MET2       | (54.58, 50.96)
MET2       | (54.3, 185.36)
MET2       | (54.3, 239.12)
MET2       | (56.125, 15.125)
MET2       | (56.58, 149.52)
MET2       | (56.58, 185.36)
MET2       | (56.54, 59.7)
MET2       | (58.22, 68.88)
MET2       | (57.94, 230.16)
MET2       | (58.54, 185.36)
MET2       | (59.465, 95.98)
MET2       | (58.78, 212.24)
MET2       | (58.88, 167.44)
MET2       | (59.62, 149.52)
MET2       | (60.485, 239.555)
MET2       | (60.5, 158.48)
MET2       | (60.46, 15.12)
MET2       | (61.58, 68.88)
MET2       | (62.14, 140.56)
MET2       | (62.14, 194.32)
MET2       | (62.13, 212.02)
MET2       | (62.42, 77.84)
MET2       | (63.26, 33.04)
MET2       | (62.98, 257.04)
MET2       | (62.93, 11.4)
MET2       | (63.26, 15.12)
MET2       | (63.26, 248.08)
MET2       | (64.94, 158.48)
MET2       | (65.5, 59.92)
MET2       | (66.34, 68.88)
MET2       | (66.06, 248.08)
MET2       | (67.18, 77.84)
MET2       | (67.265, 193.79)
MET2       | (67.335, 50.465)
MET2       | (68.3, 149.52)
MET2       | (68.3, 283.7)
MET2       | (69.98, 78.335)
MET2       | (70.02, 33.04)
MET2       | (70.26, 122.64)
MET2       | (69.73, 283.7)
MET2       | (70.82, 185.36)
MET2       | (71.525, 15.74)
MET2       | (71.66, 221.2)
MET2       | (71.38, 274.96)
MET2       | (72.22, 131.6)
MET2       | (72.5, 95.76)
MET2       | (72.5, 140.56)
MET2       | (73.09, 24.3)
MET2       | (73.9, 292.88)
MET2       | (73.09, 15.74)
MET2       | (74.18, 185.36)
MET2       | (75.58, 167.44)
MET2       | (75.33, 68.66)
MET2       | (76.7, 122.64)
MET2       | (76.14, 140.56)
MET2       | (77.26, 59.92)
MET2       | (77.26, 167.44)
MET2       | (78.1, 212.49)
MET2       | (80.06, 104.72)
MET2       | (80.06, 149.3)
MET2       | (80.9, 77.84)
MET2       | (81.6, 158.48)
MET2       | (81.74, 59.92)
MET2       | (82.02, 68.88)
MET2       | (81.74, 122.64)
MET2       | (81.78, 212.24)
MET2       | (82.86, 257.04)
MET2       | (83.17, 167.66)
MET2       | (83.17, 140.775)
MET2       | (84.26, 50.96)
MET2       | (84.82, 176.4)
MET2       | (84.985, 185.58)
MET2       | (86.22, 122.64)
MET2       | (85.66, 149.52)
MET2       | (85.94, 194.32)
MET2       | (86.78, 221.2)
MET2       | (86.5, 247.83)
MET2       | (87.06, 158.48)
MET2       | (87.9, 185.36)
MET2       | (89.58, 113.68)
MET2       | (89.06, 176.4)
MET2       | (90.15, 194.32)
MET2       | (91.57, 212.02)
MET2       | (91.57, 221.42)
MET2       | (92.38, 239.12)
MET2       | (92.39, 194.32)
MET2       | (92.94, 158.7)
MET2       | (93.54, 86.8)
MET2       | (94.06, 230.16)
MET2       | (94.34, 274.96)
MET2       | (94.66, 42)
MET2       | (95.22, 221.2)
MET2       | (95.46, 158.48)
MET2       | (96.175, 239.09)
MET2       | (96.185, 140.555)
MET2       | (96.86, 185.36)
MET2       | (96.9, 68.88)
MET2       | (98.82, 95.76)
MET2       | (98.33, 229.32)
MET2       | (99.1, 212.24)
MET2       | (101.06, 239.12)
MET2       | (101.62, 15.12)
MET2       | (101.09, 283.6)
MET2       | (101.9, 149.52)
MET2       | (103.58, 212.24)
MET2       | (103.28, 122.64)
MET2       | (108.62, 50.96)
MET2       | (108.62, 185.36)
MET2       | (108.66, 42)
MET2       | (108.86, 15.12)
MET2       | (111.42, 230.16)
MET2       | (111.24, 15.02)
MET2       | (112.26, 283.92)
MET2       | (113.1, 292.88)
MET2       | (113.7, 33.04)
MET2       | (114.095, 24.3)
MET2       | (114.22, 104.72)
MET2       | (114.54, 230.16)
MET2       | (115.62, 194.32)
MET2       | (117.02, 167.44)
MET2       | (119.01, 50.74)
MET2       | (118.74, 176.4)
MET2       | (119.82, 24.08)
MET2       | (119.94, 292.88)
MET2       | (120.94, 185.36)
MET2       | (121.23, 176.62)
MET2       | (120.69, 266.22)
MET2       | (122.62, 167.22)
MET2       | (122.1, 24.08)
MET2       | (123.37, 230.16)
MET2       | (123.18, 33.04)
MET2       | (123.74, 113.68)
MET2       | (124.3, 50.96)
MET2       | (124.34, 24.08)
MET2       | (124.58, 203.28)
MET2       | (125.42, 33.04)
MET2       | (125.98, 77.84)
MET2       | (125.75, 230.16)
MET2       | (126.29, 113.46)
MET2       | (126.26, 185.36)
MET2       | (127.38, 15.12)
MET2       | (128.12, 114.265)
MET2       | (128.5, 24.3)
MET2       | (128.22, 122.64)
MET2       | (128.54, 274.96)
MET2       | (129.34, 33.04)
MET2       | (130.46, 176.4)
MET2       | (131.3, 158.48)
MET2       | (131.58, 69.375)
MET2       | (132.14, 140.56)
MET2       | (131.86, 149.52)
MET2       | (132.42, 131.6)
MET2       | (133.26, 230.16)
MET2       | (134.38, 15.15)
MET2       | (134.38, 203.28)
MET2       | (133.82, 257.04)
MET2       | (134.94, 185.36)
MET2       | (135.5, 292.88)
MET2       | (136.66, 283.92)
MET2       | (137.18, 185.36)
MET2       | (138.325, 113.22)
MET2       | (138.61, 166.97)
MET2       | (140.54, 113.68)
MET2       | (140.3, 95.76)
MET2       | (140.54, 15.12)
MET2       | (141.1, 230.16)
MET2       | (141.7, 194.32)
MET2       | (141.94, 239.12)
MET2       | (142.78, 50.96)
MET2       | (143.34, 77.84)
MET2       | (144.46, 266.22)
MET2       | (146.14, 15.12)
MET2       | (145.86, 176.4)
MET2       | (146.14, 77.84)
MET2       | (147.26, 95.76)
MET2       | (147.26, 239.12)
MET2       | (147.82, 283.92)
MET2       | (147.52, 256.64)
MET2       | (148.94, 59.92)
MET2       | (149.5, 140.56)
MET2       | (150.06, 158.48)
MET2       | (149.49, 248.64)
MET2       | (151.325, 86.305)
MET2       | (151.18, 167.66)
MET2       | (151.74, 113.68)
MET2       | (152.3, 131.6)
MET2       | (156.22, 239.12)
MET2       | (156.78, 15.12)
MET2       | (156.53, 104.5)
MET2       | (157.09, 229.94)
MET2       | (157.34, 77.84)
MET2       | (157.9, 167.44)
MET2       | (157.89, 221.195)
MET2       | (158.46, 212.24)
MET2       | (159.165, 284.14)
MET2       | (159.02, 292.88)
MET2       | (160.69, 33.6)
MET2       | (160.14, 68.88)
MET2       | (160.7, 140.56)
MET2       | (160.655, 159.015)
MET2       | (160.98, 122.64)
MET2       | (161.82, 104.94)
MET2       | (160.45, 247.86)
MET2       | (162.38, 50.96)
MET2       | (162.38, 86.8)
MET2       | (162.94, 149.52)
MET2       | (162.38, 257.04)
MET2       | (163.5, 203.28)
MET2       | (164.62, 59.92)
MET2       | (164.06, 248.08)
MET2       | (165.18, 104.72)
MET2       | (165.17, 283.7)
MET2       | (165.88, 185.34)
MET2       | (171.8, 68.88)
MET2       | (173.58, 239.12)
MET2       | (173.62, 292.88)
MET2       | (174.14, 221.2)
MET2       | (174.98, 104.72)
MET2       | (174.7, 185.34)
MET2       | (174.45, 229.94)
MET2       | (174.98, 257.04)
MET2       | (175.82, 15.12)
MET2       | (175.82, 158.48)
MET2       | (176.14, 292.88)
MET2       | (178.9, 15.12)
MET2       | (178.385, 113.935)
MET2       | (179.18, 86.8)
MET2       | (180.58, 248.08)
MET2       | (181.285, 176.18)
MET2       | (181.14, 194.79)
MET2       | (181.14, 283.7)
MET2       | (181.42, 77.84)
MET2       | (182.54, 15.12)
MET2       | (182.54, 122.64)
MET2       | (183.1, 167.44)
MET2       | (183.4, 149.52)
MET2       | (183.7, 203.28)
MET2       | (183.94, 86.8)
MET2       | (184.47, 59.08)
MET2       | (184.78, 230.16)
MET2       | (184.245, 292.42)
MET2       | (185.8, 220.635)
MET2       | (186.18, 176.4)
MET2       | (187.05, 203.5)
MET2       | (188.98, 24.08)
MET2       | (188.98, 33.04)
MET2       | (192.06, 77.84)
MET2       | (192.9, 283.92)
MET2       | (193.335, 185.36)
MET2       | (193.51, 95.79)
MET2       | (197.1, 77.84)
MET2       | (197.1, 274.96)
MET2       | (197.66, 203.28)
MET2       | (197.66, 283.92)
MET2       | (199.34, 59.92)
MET2       | (199.9, 113.68)
MET2       | (201.02, 95.76)
MET2       | (201.62, 33.04)
MET2       | (202.7, 203.06)
MET2       | (203.54, 86.8)
MET2       | (203.82, 212.715)
MET2       | (204.66, 33.04)
MET2       | (207.18, 158.48)
MET2       | (208.3, 15.12)
MET2       | (208.88, 50.96)
MET2       | (209.66, 185.36)
MET2       | (209.7, 42)
MET2       | (209.42, 149.52)
MET2       | (210.54, 203.28)
MET2       | (211, 68.88)
MET2       | (211.1, 95.76)
MET2       | (211.66, 257.04)
MET2       | (211.95, 33.26)
MET2       | (211.94, 149.52)
MET2       | (212.5, 24.08)
MET2       | (212.82, 221.2)
MET2       | (213.59, 103.88)
MET2       | (213.62, 131.6)
MET2       | (213.34, 203.28)
MET2       | (214.18, 239.12)
MET2       | (215.62, 167.44)
MET2       | (215.06, 221.2)
MET2       | (216.14, 248.08)
MET2       | (216.14, 257.04)
MET2       | (217.01, 185.12)
MET2       | (217.14, 140.56)
MET2       | (217.26, 212.24)
MET2       | (218.1, 59.92)
MET2       | (217.82, 122.64)
MET2       | (218.66, 221.2)
MET2       | (218.94, 15.12)
MET2       | (219.5, 212.24)
MET2       | (220.06, 122.64)
MET2       | (219.5, 149.52)
MET2       | (219.87, 193.945)
MET2       | (220.62, 248.08)
MET2       | (220.67, 104.15)
MET2       | (221.74, 15.12)
MET2       | (221.74, 203.28)
MET2       | (222.86, 158.48)
MET2       | (223.98, 24.08)
MET2       | (225.1, 59.92)
MET2       | (226.22, 50.96)
MET2       | (226.22, 283.7)
MET2       | (226.78, 292.88)
MET2       | (226.96, 33.04)
MET2       | (227.06, 95.76)
MET2       | (227.34, 122.64)
MET2       | (228.46, 292.88)
MET2       | (228.46, 15.12)
MET2       | (228.46, 59.92)
MET2       | (229.58, 95.76)
MET2       | (230.14, 131.6)
MET2       | (230.7, 59.92)
MET2       | (231.82, 203.28)
MET2       | (231.79, 257.85)
MET2       | (231.82, 292.88)
MET2       | (232.93, 24.3)
MET2       | (232.38, 95.76)
MET2       | (233.5, 158.48)
MET2       | (234.06, 221.2)
MET2       | (234.66, 104.94)
MET2       | (235.695, 159.015)
MET2       | (235.74, 86.8)
MET2       | (236.86, 15.12)
MET2       | (236.86, 122.64)
MET2       | (236.9, 104.55)
MET2       | (237.42, 158.48)
MET2       | (238.54, 86.8)
MET2       | (238.54, 239.12)
MET2       | (239.66, 15.12)
MET2       | (240.78, 230.16)
MET2       | (241.34, 221.2)
MET2       | (242.46, 212.24)
MET2       | (243.02, 68.88)
MET2       | (243.99, 140.53)
MET2       | (243.54, 24.08)
MET2       | (244.37, 283.38)
MET2       | (244.7, 68.88)
MET2       | (244.45, 77.65)
MET2       | (246.06, 24.08)
MET2       | (246.38, 113.68)
MET2       | (246.38, 131.6)
MET2       | (246.94, 203.28)
MET2       | (248.06, 9.455)
MET2       | (248.06, 15.02)
MET2       | (248.3, 24.08)
MET2       | (248.62, 122.64)
MET2       | (249.18, 113.68)
MET2       | (249.46, 221.2)
MET2       | (250.255, 87.31)
MET2       | (250.27, 168.285)
MET2       | (250.58, 42)
MET2       | (250.11, 167.04)
MET2       | (251.42, 7.4)
MET2       | (251.42, 15.12)
MET2       | (251.65, 220.67)
MET2       | (252.12, 212.24)
MET2       | (253.1, 274.96)
MET2       | (253.66, 140.56)
MET2       | (254.5, 158.48)
MET2       | (254.5, 265.75)
MET2       | (254.54, 176.4)
MET2       | (255.9, 113.68)
MET2       | (255.62, 131.6)
MET2       | (255.34, 149.52)
MET2       | (256.46, 86.58)
MET2       | (255.09, 185.58)
MET2       | (256.22, 140.56)
MET2       | (256.22, 274.96)
MET2       | (256.46, 15.12)
MET2       | (257.02, 167.44)
MET2       | (258.14, 176.4)
MET2       | (258.14, 185.36)
MET2       | (259.26, 15.12)
MET2       | (259.28, 113.68)
MET2       | (259.82, 140.56)
MET2       | (260.38, 167.44)
MET2       | (260.94, 194.32)
MET2       | (261.5, 185.34)
MET2       | (261.8, 113.68)
MET2       | (262.06, 15.12)
MET2       | (262.62, 68.88)
MET2       | (263.46, 95.76)
MET2       | (263.74, 221.2)
MET2       | (264.3, 266.495)
MET2       | (264.86, 77.84)
MET2       | (266.54, 95.76)
MET2       | (267.1, 149.52)
MET2       | (267.97, 158.975)
MET2       | (268.78, 176.18)
MET2       | (268.22, 221.2)
MET2       | (268.22, 230.16)
MET2       | (269.9, 68.88)
MET2       | (270.46, 221.2)
MET2       | (270.46, 292.88)
MET2       | (271.02, 95.76)
MET2       | (270.92, 33.61)
MET2       | (271.58, 185.36)
MET2       | (272.14, 122.64)
MET2       | (271.9, 140.56)
MET2       | (273.26, 15.12)
MET2       | (272.785, 96.295)
MET2       | (273.54, 158.48)
MET2       | (273.965, 292.66)
MET2       | (275.2, 96.165)
MET2       | (276.06, 158.48)
MET2       | (276.9, 113.68)
MET2       | (277.74, 176.4)
MET2       | (277.74, 283.92)
MET2       | (278.86, 230.16)
MET2       | (278.86, 239.12)
MET2       | (278.58, 257.04)
MET2       | (279.98, 113.68)
MET2       | (279.7, 122.64)
MET2       | (279.98, 24.08)
MET2       | (281.38, 86.8)
MET2       | (282.22, 24.08)
MET2       | (281.66, 292.88)
MET2       | (282.78, 140.34)
MET2       | (283.34, 77.84)
MET2       | (283.34, 158.48)
MET2       | (284.18, 104.72)
MET2       | (284.46, 15.12)
MET2       | (284.46, 24.08)
MET2       | (285.02, 95.76)
MET2       | (285.58, 274.96)
MET2       | (287.3, 212.24)
MET2       | (287.26, 24.08)
MET2       | (287.26, 221.2)
MET2       | (287.82, 68.88)
MET2       | (288.1, 86.8)
MET2       | (288.38, 230.16)
MET2       | (288.335, 166.91)
MET2       | (290.1, 70.93)
MET2       | (292.86, 9.455)
MET2       | (295.66, 131.38)
MET2       | (295.055, 284.43)
MET2       | (295.66, 292.88)
MET2       | (297.3, 59.92)
MET2       | (297.34, 122.64)
MET2       | (297.34, 167.22)
MET2       | (296.78, 266)
MET2       | (297.35, 283.92)
MET2       | (297.34, 113.68)
MET2       | (297.62, 203.28)
MET2       | (297.34, 239.12)
MET2       | (297.9, 185.36)
MET2       | (297.65, 230.19)
MET2       | (299.14, 41.995)
MET2       | (299.58, 50.975)
MET2       | (299.3, 16.43)
MET2       | (299.58, 70.535)
MET2       | (298.77, 95.98)
MET2       | (299.86, 113.68)
MET2       | (300.28, 230.16)
MET2       | (300.7, 77.84)
MET2       | (299.61, 176.205)
MET2       | (300.7, 203.5)
MET2       | (301.26, 185.58)
MET2       | (301.78, 59.92)
MET2       | (301.82, 149.52)
MET2       | (302.1, 15.12)
MET2       | (302.38, 68.88)
MET2       | (302.66, 257.04)
MET2       | (302.94, 176.4)
MET2       | (303.78, 131.6)
MET2       | (304.34, 86.8)
MET2       | (304.06, 185.36)
MET2       | (304.38, 212.24)
MET2       | (304.76, 15.12)
MET2       | (305.18, 176.4)
MET2       | (304.62, 274.96)
MET2       | (305.56, 194.32)
MET2       | (305.74, 70.535)
MET2       | (304.97, 159.345)
MET2       | (305.46, 167.46)
MET2       | (305.74, 257.04)
MET2       | (306.58, 77.84)
MET2       | (307.42, 203.28)
MET2       | (307.295, 68.66)
MET2       | (307.98, 95.76)
MET2       | (309.1, 194.32)
MET2       | (309.38, 257.04)
MET2       | (310.245, 230.595)
MET2       | (310.22, 15.12)
MET2       | (309.71, 284.48)
MET2       | (311.38, 158.26)
MET2       | (311.65, 23.86)
MET2       | (312.74, 292.88)
MET2       | (313.045, 256.58)
MET2       | (314.14, 24.08)
MET2       | (315.26, 33.04)
MET2       | (314.45, 95.745)
MET2       | (314.45, 248.08)
MET2       | (314.45, 122.17)
MET2       | (315.86, 194.32)
MET2       | (316.66, 24.08)
MET2       | (316.38, 68.88)
MET2       | (316.38, 131.6)
MET2       | (317.78, 77.84)
MET2       | (317.78, 86.8)
MET2       | (317.5, 113.68)
MET2       | (317.5, 221.2)
MET2       | (317.5, 230.16)
MET2       | (318.06, 248.08)
MET2       | (317.585, 51.47)
MET2       | (318.06, 59.92)
MET2       | (318.06, 122.39)
MET2       | (318.06, 292.88)
MET2       | (318.9, 24.08)
MET2       | (318.62, 42)
MET2       | (319.18, 167.44)
MET2       | (319.18, 185.36)
MET2       | (319.18, 33.04)
MET2       | (319.18, 131.6)
MET2       | (319.74, 221.2)
MET2       | (319.74, 203.28)
MET2       | (319.97, 51.34)
MET2       | (320.58, 158.48)
MET2       | (321.7, 95.76)
MET2       | (321.98, 203.28)
MET2       | (322.54, 68.88)
MET2       | (322.54, 239.365)
MET2       | (323.06, 230.16)
MET2       | (323.34, 257.04)
MET2       | (322.695, 15.34)
MET2       | (323.66, 24.08)
MET2       | (323.66, 95.76)
MET2       | (326.46, 140.56)
MET2       | (327.02, 122.64)
MET2       | (327.02, 167.44)
MET2       | (328.14, 266)
MET2       | (328.7, 15.12)
MET2       | (328.7, 68.88)
MET2       | (329.26, 221.2)
MET2       | (330.1, 122.64)
MET2       | (330.42, 212.24)
MET3       | (15.48, 248.92)
MET3       | (16.97, 199.9)
MET3       | (16.5, 256.74)
MET3       | (18.175, 185.9)
MET3       | (18.5, 95.74)
MET3       | (15.2, 265.69)
MET3       | (18.72, 68.58)
MET3       | (19.6, 256.98)
MET3       | (24.2, 40.86)
MET3       | (29.005, 15.56)
MET3       | (24.08, 33.02)
MET3       | (30.325, 77.255)
MET3       | (33.6, 230.7)
MET3       | (34.695, 264.9)
MET3       | (34.7, 246.945)
MET3       | (36.675, 70.535)
MET3       | (34.98, 238.005)
MET3       | (41.445, 77.26)
MET3       | (38.085, 24.1)
MET3       | (40.3, 276.55)
MET3       | (53.735, 35.82)
MET3       | (53.18, 13.8)
MET3       | (52.085, 185.62)
MET3       | (53.18, 11.06)
MET3       | (62.695, 114.22)
MET3       | (64.34, 41.66)
MET3       | (60.46, 2.6)
MET3       | (67.735, 120.94)
MET3       | (70.54, 192.62)
MET3       | (70.005, 230.42)
MET3       | (81.175, 219.82)
MET3       | (83.165, 131.58)
MET3       | (90.7, 2.6)
MET3       | (90.7, 8.2)
MET3       | (90.7, 13.8)
MET3       | (90.7, 5.4)
MET3       | (90.7, 10.8)
MET3       | (93.8, 25.175)
MET3       | (89.58, 241.38)
MET3       | (97.07, 74.19)
MET3       | (99.1, 11.455)
MET3       | (99.1, 16.15)
MET3       | (106.375, 249.205)
MET3       | (117.86, 273.82)
MET3       | (115.91, 16.215)
MET3       | (120.655, 256.485)
MET3       | (123.455, 267.66)
MET3       | (123.74, 15.845)
MET3       | (126.82, 52.74)
MET3       | (131.32, 51.795)
MET3       | (130.46, 13.445)
MET3       | (135.545, 110.86)
MET3       | (137.18, 23.78)
MET3       | (133.26, 246.38)
MET3       | (141.66, 124.295)
MET3       | (141.66, 121.805)
MET3       | (138.62, 239.1)
MET3       | (143.34, 248.06)
MET3       | (142.78, 8.99)
MET3       | (142.78, 11.28)
MET3       | (142.78, 14.08)
MET3       | (145.02, 308.88)
MET3       | (142.22, 187.86)
MET3       | (148.965, 293.995)
MET3       | (146.445, 167.42)
MET3       | (152.3, 31.925)
MET3       | (150.66, 48.7)
MET3       | (154.535, 51.515)
MET3       | (155.395, 274.42)
MET3       | (158.455, 131.045)
MET3       | (159.015, 134.38)
MET3       | (164.615, 275.51)
MET3       | (163.5, 212.22)
MET3       | (164.06, 113.38)
MET3       | (164.62, 68.86)
MET3       | (174.31, 169.94)
MET3       | (173.3, 131.025)
MET3       | (175.845, 193.465)
MET3       | (174.165, 176.38)
MET3       | (178.645, 122.06)
MET3       | (187.575, 250.19)
MET3       | (188.98, 67.115)
MET3       | (189.26, 13.24)
MET3       | (192.15, 14.75)
MET3       | (194.99, 62.135)
MET3       | (197.12, 247.525)
MET3       | (198.475, 132.05)
MET3       | (202.165, 124.045)
MET3       | (208.19, 231.08)
MET3       | (208.3, 112.285)
MET3       | (209.75, 238.005)
MET3       | (211.29, 14.295)
MET3       | (214.48, 282.78)
MET3       | (220, 293.75)
MET3       | (216.725, 14.185)
MET3       | (216.725, 16.405)
MET3       | (221.74, 220.62)
MET3       | (223.42, 281.66)
MET3       | (225.075, 45.34)
MET3       | (226.545, 266.005)
MET3       | (226.78, 211.685)
MET3       | (230.16, 31.34)
MET3       | (236.345, 24.62)
MET3       | (231.26, 307.385)
MET3       | (242.455, 13.32)
MET3       | (241.335, 95.335)
MET3       | (242.46, 43.7)
MET3       | (245.82, 2.32)
MET3       | (245.82, 183.38)
MET3       | (248.615, 167.14)
MET3       | (245.82, 4.84)
MET3       | (245.82, 7.64)
MET3       | (245.82, 10.44)
MET3       | (253.66, 15.39)
MET3       | (254.245, 7.64)
MET3       | (262.36, 227.9)
MET3       | (262.36, 230.14)
MET3       | (264.86, 16.04)
MET3       | (268.52, 266.255)
MET3       | (269.94, 204.38)
MET3       | (265.245, 10.44)
MET3       | (274.38, 284.295)
MET3       | (267.68, 16.04)
MET3       | (279.695, 187.86)
MET3       | (271.145, 7.64)
MET3       | (271.145, 13.24)
MET3       | (280.815, 212.5)
MET3       | (280.54, 220.925)
MET3       | (277.18, 77.28)
MET3       | (278.86, 305.74)
MET3       | (278.86, 308.54)
MET3       | (276.245, 10.44)
MET3       | (278.86, 16.04)
MET3       | (282.145, 7.64)
MET3       | (287.26, 10.44)
MET3       | (282.145, 13.24)
MET3       | (288.42, 16.79)
MET3       | (282.48, 18.225)
MET3       | (290.39, 7.64)
MET3       | (290.39, 12.96)
MET3       | (298.2, 78.2)
MET3       | (298.46, 10.44)
MET3       | (299.345, 150.57)
MET3       | (298.765, 246.965)
MET3       | (296.5, 15.04)
MET3       | (304.06, 7.64)
MET3       | (296.29, 12.96)
MET3       | (307.42, 275.5)
MET3       | (307.42, 278.48)
MET3       | (303.5, 79.545)
MET3       | (306.58, 36.935)
MET3       | (307.42, 16.665)
MET3       | (308.26, 61.02)
MET3       | (313.58, 44.78)
MET3       | (313.035, 35.26)
MET3       | (313.58, 68.58)
MET3       | (315.255, 177.495)
MET3       | (316.94, 165.745)
MET3       | (321.105, 275.11)
MET3       | (320.605, 61.68)
MET3       | (326.18, 113.94)
MET3       | (327.02, 259.26)
MET3       | (325.34, 265.42)
MET3       | (325.9, 105.815)
MET3       | (330.12, 185.9)
MET3       | (328.18, 210.845)
MET3       | (330.1, 247.8)
MET3       | (326.41, 15.04)
MET3       | (326.485, 69.4)
MET3       | (329.94, 141.095)
MET3       | (326.46, 222.06)
MET3       | (329.905, 259.26)
MET3       | (330.38, 265.42)
MET3       | (327.575, 253.405)
MET4       | (13.86, 203.29)
MET4       | (15.48, 239.07)
MET4       | (16.66, 203.29)
MET4       | (16.66, 220.62)
MET4       | (17.055, 201.89)
MET4       | (18.28, 71.1)
MET4       | (18.28, 102.75)
MET4       | (18.955, 220.62)
MET4       | (20.14, 188.1)
MET4       | (19.745, 113.125)
MET4       | (20.605, 102.75)
MET4       | (21.7, 203.825)
MET4       | (22.315, 59.89)
MET4       | (25.06, 59.89)
MET4       | (27.355, 59.89)
MET4       | (36.755, 147.535)
MET4       | (38.02, 15.6)
MET4       | (39.18, 68.99)
MET4       | (40.325, 75.47)
MET4       | (40.82, 18.28)
MET4       | (41.015, 32.76)
MET4       | (41.42, 274.38)
MET4       | (43.34, 15.6)
MET4       | (43.51, 32.76)
MET4       | (49.54, 88.45)
MET4       | (51.64, 183.66)
MET4       | (51.68, 33.58)
MET4       | (51.39, 159.3)
MET4       | (52.915, 131.07)
MET4       | (52.87, 96.3)
MET4       | (58.215, 121.22)
MET4       | (64.94, 88.46)
MET4       | (67.74, 92.1)
MET4       | (70.54, 293.805)
MET4       | (76.14, 272.1)
MET4       | (83.135, 43.66)
MET4       | (89.575, 124.32)
MET4       | (99.11, 81.2)
MET4       | (99.38, 14.025)
MET4       | (99.405, 26.02)
MET4       | (105.26, 258.7)
MET4       | (105.82, 33.02)
MET4       | (109.04, 165.46)
MET4       | (114.78, 81.18)
MET4       | (116.46, 89.86)
MET4       | (117.86, 13.98)
MET4       | (135.5, 112.82)
MET4       | (138.3, 281.765)
MET4       | (139.14, 268.82)
MET4       | (160.94, 194.86)
MET4       | (168.54, 13.24)
MET4       | (171.34, 173.62)
MET4       | (172.04, 48.7)
MET4       | (172.22, 32.475)
MET4       | (174.415, 71.35)
MET4       | (174.14, 113.66)
MET4       | (174.14, 173.62)
MET4       | (174.135, 61.3)
MET4       | (175.02, 32.475)
MET4       | (176.32, 71.35)
MET4       | (176.405, 75)
MET4       | (176.38, 113.66)
MET4       | (190.965, 69.98)
MET4       | (209.42, 55.98)
MET4       | (211.1, 42.235)
MET4       | (217.645, 53.46)
MET4       | (218.525, 94.945)
MET4       | (235.46, 61.02)
MET4       | (236.86, 13.32)
MET4       | (237.395, 69.42)
MET4       | (242.175, 16.04)
MET4       | (245.39, 213.895)
MET4       | (255.06, 286.7)
MET4       | (255.34, 13.32)
MET4       | (255.895, 49.825)
MET4       | (257.02, 124.86)
MET4       | (257.295, 284.485)
MET4       | (258.165, 121.785)
MET4       | (259.82, 124.86)
MET4       | (262.055, 267.66)
MET4       | (262.195, 50.66)
MET4       | (262.215, 210.265)
MET4       | (262.185, 124.6)
MET4       | (268.78, 41.42)
MET4       | (273.86, 81.18)
MET4       | (281.125, 264.32)
MET4       | (283.9, 264.86)
MET4       | (283.925, 91.82)
MET4       | (285.575, 59.34)
MET4       | (286.7, 87.34)
MET4       | (286.7, 150.62)
MET4       | (290.75, 71.405)
MET4       | (293.97, 16.96)
MET4       | (293.42, 281.66)
MET4       | (294.125, 124.86)
MET4       | (295.145, 77.25)
MET4       | (296.12, 139.98)
MET4       | (296.22, 16.88)
MET4       | (296.35, 71.405)
MET4       | (296.22, 272.98)
MET4       | (296.5, 122.62)
MET4       | (297.66, 193.18)
MET4       | (297.32, 23.765)
MET4       | (297.945, 139.98)
MET4       | (297.925, 212.22)
MET4       | (298.08, 220.34)
MET4       | (298.5, 76.14)
MET4       | (299.02, 16.88)
MET4       | (301.845, 30.775)
MET4       | (302.34, 33.86)
MET4       | (303.5, 26.02)
MET4       | (304.06, 30.775)
MET4       | (307.8, 33.73)
MET4       | (309.685, 166.035)
MET4       | (310.245, 208.86)
MET4       | (322.005, 59.34)
MET4       | (322.54, 257.65)
MET4       | (323.965, 242.205)
MET4       | (324.78, 192.1)
MET4       | (325.9, 239.1)
MET4       | (326.08, 214.46)
MET4       | (326.46, 242.205)
MET4       | (328.14, 268.65)
MET4       | (330.38, 257.02)
MET4       | (330.38, 268.22)
MET4       | (329.84, 120.08)
MET4       | (330.14, 137.74)
MET4       | (332.62, 268.22)
MET4       | (332.66, 129.66)
MET4       | (332.66, 137.74)
MET4       | (335.46, 129.66)
MET4       | (335.46, 137.74)
MET4       | (337.895, 129.66)
METTP      | (26.19, 117)
METTP      | (18.28, 239.25)
METTP      | (28.77, 61.79)
METTP      | (24.27, 36.26)
METTP      | (30.26, 103)
METTP      | (30.26, 108.36)
METTP      | (30.17, 61.79)
METTP      | (36.92, 94.6)
METTP      | (39.24, 276.75)
METTP      | (43.38, 140.62)
METTP      | (35.82, 183.975)
METTP      | (46.46, 127.99)
METTP      | (47.02, 190.71)
METTP      | (46.46, 250.63)
METTP      | (45.9, 119.34)
METTP      | (49.31, 25.615)
METTP      | (49.31, 31.15)
METTP      | (52.62, 60.79)
METTP      | (53.18, 87.45)
METTP      | (53.04, 285.06)
METTP      | (56.24, 199.03)
METTP      | (56.26, 207.63)
METTP      | (58.35, 204.12)
METTP      | (56.54, 58.66)
METTP      | (56.54, 55.86)
METTP      | (58.78, 61.46)
METTP      | (67.83, 285.545)
METTP      | (72.29, 47.46)
METTP      | (72.29, 52.585)
METTP      | (70.54, 88.59)
METTP      | (70.54, 91.39)
METTP      | (67.83, 288.26)
METTP      | (67.83, 293.745)
METTP      | (78.94, 265.86)
METTP      | (98.54, 204.02)
METTP      | (97.98, 78.14)
METTP      | (98.54, 208.335)
METTP      | (103.02, 25.06)
METTP      | (104.14, 163.67)
METTP      | (96.86, 7.425)
METTP      | (107.48, 261.4)
METTP      | (98.45, 73.245)
METTP      | (106.94, 170.52)
METTP      | (106.94, 173.78)
METTP      | (103.02, 16.66)
METTP      | (103.02, 21.83)
METTP      | (100.22, 177.14)
METTP      | (106.94, 85.165)
METTP      | (110.3, 78.17)
METTP      | (103.47, 13.86)
METTP      | (112.54, 16.66)
METTP      | (117.58, 85.35)
METTP      | (115.34, 13.86)
METTP      | (123.44, 89.15)
METTP      | (123.18, 16.57)
METTP      | (127.28, 299.02)
METTP      | (125.98, 14.27)
METTP      | (132.7, 297.08)
METTP      | (139.98, 299.02)
METTP      | (135.5, 273.9)
METTP      | (136.62, 13.655)
METTP      | (139.98, 296.66)
METTP      | (148.38, 16.66)
METTP      | (148.94, 299.02)
METTP      | (148.94, 296.66)
METTP      | (157.9, 299.02)
METTP      | (160.7, 215.1)
METTP      | (164.62, 22.32)
METTP      | (162.66, 184.98)
METTP      | (164.12, 195.16)
METTP      | (166.16, 56.18)
METTP      | (165.79, 211.975)
METTP      | (166.24, 294.47)
METTP      | (166.24, 299.02)
METTP      | (167.56, 56.09)
METTP      | (168.54, 172.57)
METTP      | (168.54, 99.06)
METTP      | (169.1, 259.9)
METTP      | (168.54, 119.34)
METTP      | (172.955, 68.84)
METTP      | (171.92, 201.37)
METTP      | (173.86, 167.5)
METTP      | (174.42, 43.4)
METTP      | (176.06, 69.42)
METTP      | (174.14, 13.86)
METTP      | (188.14, 286.02)
METTP      | (188.14, 288.68)
METTP      | (188.085, 74.22)
METTP      | (187.58, 60.08)
METTP      | (187.58, 65.385)
METTP      | (187.58, 70.84)
METTP      | (191.22, 56.18)
METTP      | (194.3, 290.24)
METTP      | (189.8, 295.84)
METTP      | (194.58, 287.44)
METTP      | (189.8, 298.42)
METTP      | (200.46, 44.66)
METTP      | (197.1, 296.335)
METTP      | (204.94, 148.22)
METTP      | (208.3, 46.995)
METTP      | (211.94, 56.18)
METTP      | (215.58, 53.82)
METTP      | (215.65, 58.54)
METTP      | (216.2, 56.18)
METTP      | (218.38, 47.46)
METTP      | (220.28, 298.42)
METTP      | (220.58, 234.26)
METTP      | (220.62, 238.11)
METTP      | (231.58, 111.5)
METTP      | (226.22, 116.66)
METTP      | (231.26, 148.07)
METTP      | (236.115, 182.74)
METTP      | (235.74, 296.98)
METTP      | (232.94, 60.955)
METTP      | (238.835, 296.565)
METTP      | (238.835, 298.66)
METTP      | (239.66, 13.86)
METTP      | (245.54, 154.79)
METTP      | (242.18, 147.97)
METTP      | (244.7, 84.28)
METTP      | (245.26, 16.66)
METTP      | (255.18, 202.9)
METTP      | (248.06, 13.86)
METTP      | (262.06, 304.78)
METTP      | (258.38, 13.86)
METTP      | (267.09, 63.905)
METTP      | (265.42, 213.455)
METTP      | (262.6, 298.76)
METTP      | (264.28, 16.035)
METTP      | (265.21, 304.78)
METTP      | (274.38, 220.595)
METTP      | (272.14, 207.43)
METTP      | (276.1, 79.12)
METTP      | (271.06, 81.545)
METTP      | (269.34, 7.42)
METTP      | (274.38, 214.08)
METTP      | (280.47, 185.81)
METTP      | (279.98, 276.8)
METTP      | (273.6, 298.76)
METTP      | (283.62, 169.3)
METTP      | (275.28, 16.035)
METTP      | (277.86, 279.6)
METTP      | (284.5, 298.76)
METTP      | (276.21, 304.78)
METTP      | (285.02, 190.62)
METTP      | (279.42, 78.01)
METTP      | (279.42, 83.23)
METTP      | (281.1, 86.15)
METTP      | (283.62, 176.22)
METTP      | (286.28, 16.035)
METTP      | (288.34, 71.31)
METTP      | (286.14, 184.285)
METTP      | (286.14, 186.1)
METTP      | (280.54, 7.42)
METTP      | (286.51, 62.23)
METTP      | (283.34, 64.51)
METTP      | (283.34, 69.67)
METTP      | (283.9, 148.75)
METTP      | (290.62, 259.59)
METTP      | (293.97, 70.8)
METTP      | (293.97, 79.48)
METTP      | (293.97, 81.72)
METTP      | (294.42, 84.805)
METTP      | (294.42, 87.32)
METTP      | (294.42, 89.545)
METTP      | (291.74, 218)
METTP      | (294.6, 220.8)
METTP      | (293.97, 272.255)
METTP      | (297.81, 25.615)
METTP      | (297.9, 87.74)
METTP      | (300.7, 214.86)
METTP      | (300.74, 220.8)
METTP      | (313.02, 204.02)
METTP      | (324.5, 119.185)
METTP      | (317.23, 145.97)
METTP      | (325.34, 61.46)
METTP      | (328.6, 69.86)
METTP      | (325.34, 72.66)
METTP      | (328.6, 74.895)
METTP      | (329.78, 81.06)
METTP      | (327.97, 156.235)
METTP      | (327.95, 183.81)
METTP      | (324.78, 186.11)
METTP      | (327.95, 189.34)
METTP      | (330.06, 194.72)
METTP      | (323.89, 213.935)
METTP      | (328.99, 216.22)
METTP      | (323.89, 219.02)
METTP      | (328.99, 221.82)
METTP      | (323.8, 236.335)
METTP      | (329.26, 249.55)
METTP      | (328.14, 252.62)
METTP      | (328.62, 255.42)
METTP      | (328.14, 258.25)
METTP      | (327.62, 122.7)
METTP      | (327.97, 147.105)
METTP      | (324.82, 125.8)

Found 1124 weakly connected metal segments



* Dropped Voltage Sources

