#                          Extraction Options Log File
# Design "I2CAndMemory"
#

Option multi_corner_tech_file_00 = "/mnt/apps/prebuilt/eda/designkits/xfab/XKIT/x_all/cadence/XFAB_AMS_RefKit-cadence_IC61/v2_5_1/pdk/xh018/cadence/v7_0/QRC_pvs/v7_0_1_1/XH018_1143/QRC-Max/qrcTechFile"
Option multi_corner_tech_file_01 = "/mnt/apps/prebuilt/eda/designkits/xfab/XKIT/x_all/cadence/XFAB_AMS_RefKit-cadence_IC61/v2_5_1/pdk/xh018/cadence/v7_0/QRC_pvs/v7_0_1_1/XH018_1143/QRC-Typ/qrcTechFile"
Option multi_corner_tech_file_02 = "/mnt/apps/prebuilt/eda/designkits/xfab/XKIT/x_all/cadence/XFAB_AMS_RefKit-cadence_IC61/v2_5_1/pdk/xh018/cadence/v7_0/QRC_pvs/v7_0_1_1/XH018_1143/QRC-Min/qrcTechFile"
Option multi_corner_temperature_00 = "175"
Option multi_corner_temperature_01 = "25"
Option multi_corner_temperature_02 = "-40"

Option gray_data = "obs"

Option reduce_output = "false"

Option layout_scale = "1"

Option max_resistor_length = "15.6"

Option dump_options "false"

Option copy_port_to_obs = "true"

Option promote_feedthru_ports = "false"

Option remove_net_pin_overlap = "false"

Option coupled = "true"

Option total_c_threshold = "5"

Option coupling_c_threshold = "3"

Option relative_c_threshold = "0.03"

Option output_cap_filtering_mode = "relative_and_coupling"

Option turboReduce = "auto"

Option enable_metal_fill_effects = "true"
Option metal_fill_type = "floating"

Option compress_cache_files = "true"


Power and ground nets are not extracted.
Port geometries are used as gray geometries (similar to OBS geometries) while extraction.
"max_resistor_length" in IQuantus extraction can vary from design to design.


#
# This file was generated by Innovus v21.35-s114_1 on Sun Nov 30 23:56:35 2025

