
Cadence Innovus(TM) Implementation System.
Copyright 2021 Cadence Design Systems, Inc. All rights reserved worldwide.

Version:	v21.35-s114_1, built Thu Oct 13 12:11:47 PDT 2022
Options:	-log extLogDir/IQuantus_30-Nov-2025_23:56:33_1132369_Hic22g/extr.I2CAndMemory.0.parallel_processing_2.log -noMultiCpuLicCheckout -DP -x 0001B027D7... -edpId 2 -edpHost cn88.it.auth.gr -edpPort 53249 -nowin -nologv -init /home/p/paschalk/Desktop/I2C_Memory/flows/innovus/.1132369_soce_slave_2 
Date:		Sun Nov 30 23:56:38 2025
Host:		cn88.it.auth.gr (x86_64 w/Linux 5.14.0-570.52.1.el9_6.x86_64) (12cores*12cpus*Intel(R) Xeon(R) Gold 6230 CPU @ 2.10GHz 28160KB)
OS:		Rocky Linux release 9.6 (Blue Onyx)

License:
		[23:56:38.064985] Configured Lic search path (21.01-s002): 5280@cadence-r.it.auth.gr

		Running innovus (-x) with Innovus_Impl_System capability.
The soft stacksize limit is either up to the hard limit or larger than 0.2% of RAM. No change is needed.

**INFO:  MMMC transition support version v31-84 

<CMD> set_global _enable_mmmc_by_default_flow      $CTE::mmmc_default
<CMD> suppressMessage ENCEXT-2799
<CMD> getVersion
<CMD> getVersion
<CMD> getVersion
[INFO] Loading PVS 21.12 fill procedures
**WARN: Tk package not loaded. The PVS fill DRC monitor is disabled.
Sourcing file "/home/p/paschalk/Desktop/I2C_Memory/flows/innovus/.1132369_soce_slave_2" ...
<CMD> setLimitedAccessFeature invsHierModuleModel 1
**WARN: (IMPSE-524):	The feature invsHierModuleModel is now a Production feature. The use of 'setLimitedAccessFeature invsHierModuleModel 1' is no longer required.
EDP: start server on cn88.it.auth.gr:39977
Sun Nov 30 23:57:06 2025: Successfully connected to the master.
sending server data to client cn88.it.auth.gr 39977 2 1158671 

Started sub-activity 2 out of 4 for Extraction...

INFO (EXTIQUANTUS-101) : 
  Integrated Quantus - 64-bit Parasitic Extractor - Version 21.1.1-s867
-------------------------------------------------------------------------
               Copyright 2022 Cadence Design Systems, Inc.


INFO (EXTIQUANTUS-103) : Starting at 2025-Nov-30 23:57:07 (2025-Nov-30 21:57:07 GMT).

INFO (EXTIQUANTUS-159) : Loading technology data from file:
 
/tmp/innovus_temp_1132369_cn88.it.auth.gr_paschalk_kYF6jo/iqrc_tmp_1132369_b7kNXh/.qrctemp/CceRCGEN0tch1158671

INFO (EXTIQUANTUS-289) : Loading RCgen extraction models from file:
 
/tmp/innovus_temp_1132369_cn88.it.auth.gr_paschalk_kYF6jo/iqrc_tmp_1132369_b7kNXh/.qrctemp/CceRCGEN0tch1158671

INFO (EXTIQUANTUS-345) : Checking Command/Tech/License Files. 

INFO (EXTIQUANTUS-383) : Summary of license(s) checkout :
	No license checkout.

INFO (EXTIQUANTUS-105) : Starting design extraction....

INFO (EXTIQUANTUS-282) : Checking Command/Tech Files. 

INFO (EXTIQUANTUS-277) : Manufacturing Data Information :- 
  DEF/GDS file 
    does     contain MetalFill data. 
  Techfile  
    does     contain WEE data.     
    does NOT contain Erosion data t=f( density ) 
    does NOT contain R(w) data.    
    does NOT contain R(w, s) data.  
    does NOT contain TC(w) data.    
    does     contain T/B enlargement data. 
    does     contain Floating Metal Fill models. 

INFO (EXTIQUANTUS-287) : Capacitance Models Information :- 
 ICECAPS models are not available. 
 RCgen   models are     available. 
 This IQuantus session uses RCgen models.

INFO (EXTIQUANTUS-286) : RCs effects computed for this session include :- 
 MetalFill        : floating 
 WEE Effects      : rc 
 Erosion Effects  : n/a t=f( density ) 
 T/B Enlargements : ON 
 R(w) Effects     : n/a 
 R(w,s) Effects   : n/a 
 TC(w) Effects     : n/a 
Some effects indicate n/a because of non-availability of relevantinput data
(or) requested to be off (and/or) usage of older Icecaps models.

INFO (EXTHPY-103) : Extracting capacitance values.

INFO (EXTHPY-104) :    0%

INFO (EXTHPY-104) :    33%

INFO (EXTHPY-104) :    67%

INFO (EXTHPY-104) :    100%

Ending at 2025-Nov-30 23:57:14 (2025-Nov-30 21:57:14 GMT).
  Executed by:           paschalk
  Execution host:        cn88.it.auth.gr
  Run duration:          00:00:07 CPU time, 00:00:07 clock time
  Memory used:           3324 Mb

  Warning messages:      0
  Error messages:        0
  Fatal error messages:  0

Exit code 0.
IQuantus exited successfully.
Sub-activity 2 of Extraction Successfully Completed.

*** Memory Usage v#1 (Current mem = 1529.777M, initial mem = 665.848M) ***
*** Message Summary: 1 warning(s), 0 error(s)

--- Ending "Innovus" (totcpu=0:00:26.3, real=0:00:50.0, mem=1529.8M) ---
