============================================================
  Generated by:           Genus(TM) Synthesis Solution 21.15-s080_1
  Generated on:           Nov 25 2025  10:24:35 pm
  Module:                 I2CAndMemory
  Operating conditions:   slow_1_62V_175C 
  Operating conditions:   typ_1_80V_25C 
  Operating conditions:   fast_1_98V_m40C 
  Interconnect mode:      global
  Area mode:              physical library
============================================================

Timing
--------

   Analysis view   Clock  Period  
----------------------------------
PVT_1_80_V_BC_VIEW clk   125000.0 


     Analysis        Cost   Critical        Violating Levels of 
       View         Group  Path Slack  TNS    Paths     logic   
----------------------------------------------------------------
PVT_1_80_V_BC_VIEW     clk    54018.3  0.0          0           
                   default   No paths  0.0          0           
----------------------------------------------------------------
Total                                 -0.0          0           
                                                                

Instance Count
--------------
Leaf Instance Count             1844 
Physical Instance count            0 
Sequential Instance Count        659 
Combinational Instance Count    1185 
Hierarchical Instance Count        2 

Area
----
Cell Area                          56661.248
Physical Cell Area                 0.000
Total Cell Area (Cell+Physical)    56661.248
Net Area                           25267.193
Total Area (Cell+Physical+Net)     81928.441

Max Fanout                         659 (clk)
Min Fanout                         1 (ADC_in[0][7])
Average Fanout                     2.8
Terms to net ratio                 3.9648
Terms to instance ratio            4.0938
Runtime                            121.39704800000001 seconds
Elapsed Runtime                    118 seconds
Genus peak memory usage            1494.95 
Innovus peak memory usage          no_value 
Hostname                           cn88.it.auth.gr
