============================================================
  Generated by:           Genus(TM) Synthesis Solution 21.15-s080_1
  Generated on:           Nov 25 2025  10:24:40 pm
  Module:                 I2CAndMemory
  Operating conditions:   slow_1_62V_175C 
  Operating conditions:   typ_1_80V_25C 
  Operating conditions:   fast_1_98V_m40C 
  Interconnect mode:      global
  Area mode:              physical library
============================================================

                                  Leakage    Internal                                      Library 
   Gate    Instances    Area    Power (nW)  Power (nW)               Library                Domain 
---------------------------------------------------------------------------------------------------
AN211HDX1          1     15.053      0.000      47.520    D_CELLS_HD_LPMOS_fast_1_98V_m40C       2 
AN21HDX1           6     75.264      0.000     266.051    D_CELLS_HD_LPMOS_fast_1_98V_m40C       2 
AN221HDX1          9    180.634      0.001     100.531    D_CELLS_HD_LPMOS_fast_1_98V_m40C       2 
AN22HDX1         137   2062.234      0.005    1306.465    D_CELLS_HD_LPMOS_fast_1_98V_m40C       2 
AN311HDX0          1     17.562      0.000      26.000    D_CELLS_HD_LPMOS_fast_1_98V_m40C       2 
AN31HDX1           1     15.053      0.000      21.277    D_CELLS_HD_LPMOS_fast_1_98V_m40C       2 
AN321HDX0          5    100.352      0.000     112.289    D_CELLS_HD_LPMOS_fast_1_98V_m40C       2 
AN32HDX1           2     35.123      0.000      91.052    D_CELLS_HD_LPMOS_fast_1_98V_m40C       2 
AND2HDX1           9    112.896      0.000     255.356    D_CELLS_HD_LPMOS_fast_1_98V_m40C       2 
AND6HDX1           8    220.774      0.001     203.735    D_CELLS_HD_LPMOS_fast_1_98V_m40C       2 
AO211HDX0          2     35.123      0.000      52.315    D_CELLS_HD_LPMOS_fast_1_98V_m40C       2 
AO211HDX1          1     17.562      0.000      55.440    D_CELLS_HD_LPMOS_fast_1_98V_m40C       2 
AO21HDX1           1     17.562      0.000      67.771    D_CELLS_HD_LPMOS_fast_1_98V_m40C       2 
AO221HDX0          9    203.213      0.001      93.983    D_CELLS_HD_LPMOS_fast_1_98V_m40C       2 
AO222HDX0         24    602.112      0.001    1205.744    D_CELLS_HD_LPMOS_fast_1_98V_m40C       2 
AO22HDX1           8    160.563      0.000      20.046    D_CELLS_HD_LPMOS_fast_1_98V_m40C       2 
AO311HDX0          1     20.070      0.000      44.639    D_CELLS_HD_LPMOS_fast_1_98V_m40C       2 
AO321HDX0          1     25.088      0.000      36.666    D_CELLS_HD_LPMOS_fast_1_98V_m40C       2 
AO32HDX0           8    160.563      0.000     767.451    D_CELLS_HD_LPMOS_fast_1_98V_m40C       2 
AO32HDX1           1     20.070      0.000      37.746    D_CELLS_HD_LPMOS_fast_1_98V_m40C       2 
BTHHDX1            1     22.579      0.000      46.077    D_CELLS_HD_LPMOS_fast_1_98V_m40C       2 
BTLHDX1            1     22.579      0.000      42.120    D_CELLS_HD_LPMOS_fast_1_98V_m40C       2 
DFFRQHDX1          1     55.194      0.000     733.167    D_CELLS_HD_LPMOS_fast_1_98V_m40C       2 
DFFSHDX0          19   1096.346      0.003   11741.666    D_CELLS_HD_LPMOS_fast_1_98V_m40C       2 
DFFSQHDX1         18    948.326      0.003   11285.606    D_CELLS_HD_LPMOS_fast_1_98V_m40C       2 
DFRRHDX1          11    662.323      0.001    8462.766    D_CELLS_HD_LPMOS_fast_1_98V_m40C       2 
DFRRQHDX1        609  33612.902      0.079  445250.521    D_CELLS_HD_LPMOS_fast_1_98V_m40C       2 
DFRSQHDX1          1     52.685      0.000     795.203    D_CELLS_HD_LPMOS_fast_1_98V_m40C       2 
EN2HDX0            1     20.070      0.000      30.782    D_CELLS_HD_LPMOS_fast_1_98V_m40C       2 
EO2HDX0            2     40.141      0.000      88.310    D_CELLS_HD_LPMOS_fast_1_98V_m40C       2 
INHDX1            27    203.213      0.001     506.828    D_CELLS_HD_LPMOS_fast_1_98V_m40C       2 
MU2HDX0          561  11259.494      0.039   16439.271    D_CELLS_HD_LPMOS_fast_1_98V_m40C       2 
MU2IHDX1          10    175.616      0.001     494.561    D_CELLS_HD_LPMOS_fast_1_98V_m40C       2 
NA22HDX1          14    210.739      0.000     834.550    D_CELLS_HD_LPMOS_fast_1_98V_m40C       2 
NA2HDX1           99    993.485      0.001     741.999    D_CELLS_HD_LPMOS_fast_1_98V_m40C       2 
NA2I1HDX1         12    150.528      0.000     421.817    D_CELLS_HD_LPMOS_fast_1_98V_m40C       2 
NA3HDX1            2     25.088      0.000      38.631    D_CELLS_HD_LPMOS_fast_1_98V_m40C       2 
NA3I1HDX1          1     15.053      0.000      74.854    D_CELLS_HD_LPMOS_fast_1_98V_m40C       2 
NA3I2HDX1          2     30.106      0.000      70.590    D_CELLS_HD_LPMOS_fast_1_98V_m40C       2 
NA4HDX1           20    301.056      0.001     615.057    D_CELLS_HD_LPMOS_fast_1_98V_m40C       2 
NA4I3HDX0          1     17.562      0.000      41.692    D_CELLS_HD_LPMOS_fast_1_98V_m40C       2 
NA4I3HDX1          1     17.562      0.000      19.760    D_CELLS_HD_LPMOS_fast_1_98V_m40C       2 
NA5I3HDX1          2     40.141      0.000      81.017    D_CELLS_HD_LPMOS_fast_1_98V_m40C       2 
NO22HDX0           1     15.053      0.000      60.901    D_CELLS_HD_LPMOS_fast_1_98V_m40C       2 
NO22HDX2           1     22.579      0.000     166.028    D_CELLS_HD_LPMOS_fast_1_98V_m40C       2 
NO2HDX0            1     10.035      0.000      27.277    D_CELLS_HD_LPMOS_fast_1_98V_m40C       2 
NO2HDX1           81    812.851      0.001     767.279    D_CELLS_HD_LPMOS_fast_1_98V_m40C       2 
NO2I1HDX1         24    301.056      0.001     696.993    D_CELLS_HD_LPMOS_fast_1_98V_m40C       2 
NO3HDX0            2     25.088      0.000       5.063    D_CELLS_HD_LPMOS_fast_1_98V_m40C       2 
NO3HDX1            1     12.544      0.000       6.509    D_CELLS_HD_LPMOS_fast_1_98V_m40C       2 
NO3I1HDX0          1     15.053      0.000      21.395    D_CELLS_HD_LPMOS_fast_1_98V_m40C       2 
NO3I2HDX1          3     45.158      0.000      55.431    D_CELLS_HD_LPMOS_fast_1_98V_m40C       2 
NO4I2HDX0          4     70.246      0.000      61.733    D_CELLS_HD_LPMOS_fast_1_98V_m40C       2 
NO4I3HDX0          2     35.123      0.000      74.461    D_CELLS_HD_LPMOS_fast_1_98V_m40C       2 
NO5I3HDX1          2     40.141      0.000     105.242    D_CELLS_HD_LPMOS_fast_1_98V_m40C       2 
NO6I5HDX1          8    220.774      0.001    1090.435    D_CELLS_HD_LPMOS_fast_1_98V_m40C       2 
OA211HDX0          1     17.562      0.000      28.584    D_CELLS_HD_LPMOS_fast_1_98V_m40C       2 
OA21HDX1           1     17.562      0.000     103.444    D_CELLS_HD_LPMOS_fast_1_98V_m40C       2 
OA221HDX1          1     25.088      0.000      52.756    D_CELLS_HD_LPMOS_fast_1_98V_m40C       2 
OA22HDX1           4     80.282      0.000      97.045    D_CELLS_HD_LPMOS_fast_1_98V_m40C       2 
OA31HDX1           1     20.070      0.000      16.949    D_CELLS_HD_LPMOS_fast_1_98V_m40C       2 
OA321HDX1          1     25.088      0.000      69.074    D_CELLS_HD_LPMOS_fast_1_98V_m40C       2 
OA32HDX1           1     22.579      0.000      14.213    D_CELLS_HD_LPMOS_fast_1_98V_m40C       2 
ON211HDX0          2     30.106      0.000      49.208    D_CELLS_HD_LPMOS_fast_1_98V_m40C       2 
ON21HDX1          28    351.232      0.000     470.341    D_CELLS_HD_LPMOS_fast_1_98V_m40C       2 
ON221HDX0          4     80.282      0.000     167.004    D_CELLS_HD_LPMOS_fast_1_98V_m40C       2 
ON22HDX0           5     75.264      0.000      72.010    D_CELLS_HD_LPMOS_fast_1_98V_m40C       2 
ON311HDX0          3     52.685      0.000      58.575    D_CELLS_HD_LPMOS_fast_1_98V_m40C       2 
ON31HDX0           1     15.053      0.000      34.485    D_CELLS_HD_LPMOS_fast_1_98V_m40C       2 
ON321HDX0          4     90.317      0.000     112.320    D_CELLS_HD_LPMOS_fast_1_98V_m40C       2 
OR2HDX1            5     62.720      0.000      89.740    D_CELLS_HD_LPMOS_fast_1_98V_m40C       2 
---------------------------------------------------------------------------------------------------
total           1844  56661.248      0.145  508243.420                                     


                                            Leakage  Leakage  Internal  Internal 
     Type      Instances    Area   Area % Power (nW) Power % Power (nW)  Power % 
---------------------------------------------------------------------------------
sequential           659 36427.776   64.3      0.086    59.3 478268.929     94.1 
inverter              27   203.213    0.4      0.001     0.4    506.828      0.1 
tristate               2    45.158    0.1      0.000     0.1     88.197      0.0 
logic               1156 19985.101   35.3      0.058    40.2  29379.467      5.8 
physical_cells         0     0.000    0.0      0.000     0.0      0.000      0.0 
---------------------------------------------------------------------------------
total               1844 56661.248  100.0      0.145   100.0 508243.420    100.0 

