============================================================
  Generated by:           Genus(TM) Synthesis Solution 21.15-s080_1
  Generated on:           Nov 25 2025  10:24:35 pm
  Module:                 I2CAndMemory
  Operating conditions:   slow_1_62V_175C 
  Operating conditions:   typ_1_80V_25C 
  Operating conditions:   fast_1_98V_m40C 
  Interconnect mode:      global
  Area mode:              physical library
============================================================

                                                                    Library 
   Gate    Instances    Area                  Library                Domain 
----------------------------------------------------------------------------
AN211HDX1          1     15.053    D_CELLS_HD_LPMOS_slow_1_62V_175C       0 
AN21HDX1           6     75.264    D_CELLS_HD_LPMOS_slow_1_62V_175C       0 
AN221HDX1          9    180.634    D_CELLS_HD_LPMOS_slow_1_62V_175C       0 
AN22HDX1         137   2062.234    D_CELLS_HD_LPMOS_slow_1_62V_175C       0 
AN311HDX0          1     17.562    D_CELLS_HD_LPMOS_slow_1_62V_175C       0 
AN31HDX1           1     15.053    D_CELLS_HD_LPMOS_slow_1_62V_175C       0 
AN321HDX0          5    100.352    D_CELLS_HD_LPMOS_slow_1_62V_175C       0 
AN32HDX1           2     35.123    D_CELLS_HD_LPMOS_slow_1_62V_175C       0 
AND2HDX1           9    112.896    D_CELLS_HD_LPMOS_slow_1_62V_175C       0 
AND6HDX1           8    220.774    D_CELLS_HD_LPMOS_slow_1_62V_175C       0 
AO211HDX0          2     35.123    D_CELLS_HD_LPMOS_slow_1_62V_175C       0 
AO211HDX1          1     17.562    D_CELLS_HD_LPMOS_slow_1_62V_175C       0 
AO21HDX1           1     17.562    D_CELLS_HD_LPMOS_slow_1_62V_175C       0 
AO221HDX0          9    203.213    D_CELLS_HD_LPMOS_slow_1_62V_175C       0 
AO222HDX0         24    602.112    D_CELLS_HD_LPMOS_slow_1_62V_175C       0 
AO22HDX1           8    160.563    D_CELLS_HD_LPMOS_slow_1_62V_175C       0 
AO311HDX0          1     20.070    D_CELLS_HD_LPMOS_slow_1_62V_175C       0 
AO321HDX0          1     25.088    D_CELLS_HD_LPMOS_slow_1_62V_175C       0 
AO32HDX0           8    160.563    D_CELLS_HD_LPMOS_slow_1_62V_175C       0 
AO32HDX1           1     20.070    D_CELLS_HD_LPMOS_slow_1_62V_175C       0 
BTHHDX1            1     22.579    D_CELLS_HD_LPMOS_slow_1_62V_175C       0 
BTLHDX1            1     22.579    D_CELLS_HD_LPMOS_slow_1_62V_175C       0 
DFFRQHDX1          1     55.194    D_CELLS_HD_LPMOS_slow_1_62V_175C       0 
DFFSHDX0          19   1096.346    D_CELLS_HD_LPMOS_slow_1_62V_175C       0 
DFFSQHDX1         18    948.326    D_CELLS_HD_LPMOS_slow_1_62V_175C       0 
DFRRHDX1          11    662.323    D_CELLS_HD_LPMOS_slow_1_62V_175C       0 
DFRRQHDX1        609  33612.902    D_CELLS_HD_LPMOS_slow_1_62V_175C       0 
DFRSQHDX1          1     52.685    D_CELLS_HD_LPMOS_slow_1_62V_175C       0 
EN2HDX0            1     20.070    D_CELLS_HD_LPMOS_slow_1_62V_175C       0 
EO2HDX0            2     40.141    D_CELLS_HD_LPMOS_slow_1_62V_175C       0 
INHDX1            27    203.213    D_CELLS_HD_LPMOS_slow_1_62V_175C       0 
MU2HDX0          561  11259.494    D_CELLS_HD_LPMOS_slow_1_62V_175C       0 
MU2IHDX1          10    175.616    D_CELLS_HD_LPMOS_slow_1_62V_175C       0 
NA22HDX1          14    210.739    D_CELLS_HD_LPMOS_slow_1_62V_175C       0 
NA2HDX1           99    993.485    D_CELLS_HD_LPMOS_slow_1_62V_175C       0 
NA2I1HDX1         12    150.528    D_CELLS_HD_LPMOS_slow_1_62V_175C       0 
NA3HDX1            2     25.088    D_CELLS_HD_LPMOS_slow_1_62V_175C       0 
NA3I1HDX1          1     15.053    D_CELLS_HD_LPMOS_slow_1_62V_175C       0 
NA3I2HDX1          2     30.106    D_CELLS_HD_LPMOS_slow_1_62V_175C       0 
NA4HDX1           20    301.056    D_CELLS_HD_LPMOS_slow_1_62V_175C       0 
NA4I3HDX0          1     17.562    D_CELLS_HD_LPMOS_slow_1_62V_175C       0 
NA4I3HDX1          1     17.562    D_CELLS_HD_LPMOS_slow_1_62V_175C       0 
NA5I3HDX1          2     40.141    D_CELLS_HD_LPMOS_slow_1_62V_175C       0 
NO22HDX0           1     15.053    D_CELLS_HD_LPMOS_slow_1_62V_175C       0 
NO22HDX2           1     22.579    D_CELLS_HD_LPMOS_slow_1_62V_175C       0 
NO2HDX0            1     10.035    D_CELLS_HD_LPMOS_slow_1_62V_175C       0 
NO2HDX1           81    812.851    D_CELLS_HD_LPMOS_slow_1_62V_175C       0 
NO2I1HDX1         24    301.056    D_CELLS_HD_LPMOS_slow_1_62V_175C       0 
NO3HDX0            2     25.088    D_CELLS_HD_LPMOS_slow_1_62V_175C       0 
NO3HDX1            1     12.544    D_CELLS_HD_LPMOS_slow_1_62V_175C       0 
NO3I1HDX0          1     15.053    D_CELLS_HD_LPMOS_slow_1_62V_175C       0 
NO3I2HDX1          3     45.158    D_CELLS_HD_LPMOS_slow_1_62V_175C       0 
NO4I2HDX0          4     70.246    D_CELLS_HD_LPMOS_slow_1_62V_175C       0 
NO4I3HDX0          2     35.123    D_CELLS_HD_LPMOS_slow_1_62V_175C       0 
NO5I3HDX1          2     40.141    D_CELLS_HD_LPMOS_slow_1_62V_175C       0 
NO6I5HDX1          8    220.774    D_CELLS_HD_LPMOS_slow_1_62V_175C       0 
OA211HDX0          1     17.562    D_CELLS_HD_LPMOS_slow_1_62V_175C       0 
OA21HDX1           1     17.562    D_CELLS_HD_LPMOS_slow_1_62V_175C       0 
OA221HDX1          1     25.088    D_CELLS_HD_LPMOS_slow_1_62V_175C       0 
OA22HDX1           4     80.282    D_CELLS_HD_LPMOS_slow_1_62V_175C       0 
OA31HDX1           1     20.070    D_CELLS_HD_LPMOS_slow_1_62V_175C       0 
OA321HDX1          1     25.088    D_CELLS_HD_LPMOS_slow_1_62V_175C       0 
OA32HDX1           1     22.579    D_CELLS_HD_LPMOS_slow_1_62V_175C       0 
ON211HDX0          2     30.106    D_CELLS_HD_LPMOS_slow_1_62V_175C       0 
ON21HDX1          28    351.232    D_CELLS_HD_LPMOS_slow_1_62V_175C       0 
ON221HDX0          4     80.282    D_CELLS_HD_LPMOS_slow_1_62V_175C       0 
ON22HDX0           5     75.264    D_CELLS_HD_LPMOS_slow_1_62V_175C       0 
ON311HDX0          3     52.685    D_CELLS_HD_LPMOS_slow_1_62V_175C       0 
ON31HDX0           1     15.053    D_CELLS_HD_LPMOS_slow_1_62V_175C       0 
ON321HDX0          4     90.317    D_CELLS_HD_LPMOS_slow_1_62V_175C       0 
OR2HDX1            5     62.720    D_CELLS_HD_LPMOS_slow_1_62V_175C       0 
----------------------------------------------------------------------------
total           1844  56661.248                                     


                                          
     Type      Instances    Area   Area % 
------------------------------------------
sequential           659 36427.776   64.3 
inverter              27   203.213    0.4 
tristate               2    45.158    0.1 
logic               1156 19985.101   35.3 
physical_cells         0     0.000    0.0 
------------------------------------------
total               1844 56661.248  100.0 

