============================================================
  Generated by:           Genus(TM) Synthesis Solution 21.15-s080_1
  Generated on:           Nov 25 2025  10:24:33 pm
  Module:                 I2CAndMemory
  Library domain:         PVT_1_80_V_WC_TC
    Domain index:         0
    Technology libraries: D_CELLS_HD_LPMOS_slow_1_62V_175C 3.0.0
                          IO_CELLS_3V_LPMOS_slow_1_62V_3_00V_175C 2.1.0
  Library domain:         PVT_1_80_V_TYP_TC
    Domain index:         1
    Technology libraries: D_CELLS_HD_LPMOS_typ_1_80V_25C 3.0.0
                          IO_CELLS_3V_LPMOS_typ_1_80V_3_30V_25C 2.1.0
  Library domain:         PVT_1_80_V_BC_TC
    Domain index:         2
    Technology libraries: D_CELLS_HD_LPMOS_fast_1_98V_m40C 3.0.0
                          IO_CELLS_3V_LPMOS_fast_1_98V_3_60V_m40C 2.1.0
  Operating conditions:   slow_1_62V_175C 
  Operating conditions:   typ_1_80V_25C 
  Operating conditions:   fast_1_98V_m40C 
  Interconnect mode:      global
  Area mode:              physical library
============================================================

Timing
--------

   Analysis view    Clock  Period  
-----------------------------------
PVT_1_80_V_WC_VIEW  clk   125000.0 
PVT_1_80_V_TYP_VIEW clk   125000.0 
PVT_1_80_V_BC_VIEW  clk   125000.0 


      Analysis        Cost   Critical        Violating Levels of 
        View         Group  Path Slack  TNS    Paths     logic   
-----------------------------------------------------------------
PVT_1_80_V_WC_VIEW      clk    43205.0  0.0          0           
                    default   No paths  0.0          0           
-----------------------------------------------------------------
Total                                  -0.0          0           
                                                                 
PVT_1_80_V_TYP_VIEW     clk    51280.5  0.0          0           
                    default   No paths  0.0          0           
-----------------------------------------------------------------
Total                                  -0.0          0           
                                                                 
PVT_1_80_V_BC_VIEW      clk    54018.3  0.0          0           
                    default   No paths  0.0          0           
-----------------------------------------------------------------
Total                                  -0.0          0           
                                                                 

Instance Count
--------------
Leaf Instance Count             1844 
Physical Instance count            0 
Sequential Instance Count        659 
Combinational Instance Count    1185 
Hierarchical Instance Count        2 

Area
----
Cell Area                          56661.248
Physical Cell Area                 0.000
Total Cell Area (Cell+Physical)    56661.248
Net Area                           25267.193
Total Area (Cell+Physical+Net)     81928.441

Max Fanout                         659 (clk)
Min Fanout                         1 (ADC_in[0][7])
Average Fanout                     2.8
Terms to net ratio                 3.9648
Terms to instance ratio            4.0938
Runtime                            119.39704800000001 seconds
Elapsed Runtime                    116 seconds
Genus peak memory usage            1494.95 
Innovus peak memory usage          no_value 
Hostname                           cn88.it.auth.gr
