============================================================
  Generated by:           Genus(TM) Synthesis Solution 21.15-s080_1
  Generated on:           Nov 25 2025  09:44:45 pm
  Module:                 I2CAndMemory
  Operating conditions:   typ_1_80V_25C 
  Interconnect mode:      global
  Area mode:              physical library
============================================================

                                 
   Gate     Instances    Area                 Library              
-------------------------------------------------------------------
AN211HDX1           2     30.106    D_CELLS_HD_LPMOS_typ_1_80V_25C 
AN21HDX1            5     62.720    D_CELLS_HD_LPMOS_typ_1_80V_25C 
AN221HDX1           9    180.634    D_CELLS_HD_LPMOS_typ_1_80V_25C 
AN22HDX1          136   2047.181    D_CELLS_HD_LPMOS_typ_1_80V_25C 
AN311HDX0           2     35.123    D_CELLS_HD_LPMOS_typ_1_80V_25C 
AN321HDX0           2     40.141    D_CELLS_HD_LPMOS_typ_1_80V_25C 
AN32HDX1            3     52.685    D_CELLS_HD_LPMOS_typ_1_80V_25C 
AN33HDX1            1     20.070    D_CELLS_HD_LPMOS_typ_1_80V_25C 
AND2HDX1           16    200.704    D_CELLS_HD_LPMOS_typ_1_80V_25C 
AND6HDX1            8    220.774    D_CELLS_HD_LPMOS_typ_1_80V_25C 
AO211HDX0           1     17.562    D_CELLS_HD_LPMOS_typ_1_80V_25C 
AO21HDX1            3     52.685    D_CELLS_HD_LPMOS_typ_1_80V_25C 
AO221HDX0           9    203.213    D_CELLS_HD_LPMOS_typ_1_80V_25C 
AO222HDX0          24    602.112    D_CELLS_HD_LPMOS_typ_1_80V_25C 
AO22HDX1            8    160.563    D_CELLS_HD_LPMOS_typ_1_80V_25C 
AO321HDX0           1     25.088    D_CELLS_HD_LPMOS_typ_1_80V_25C 
AO321HDX1           2     50.176    D_CELLS_HD_LPMOS_typ_1_80V_25C 
AO32HDX0            1     20.070    D_CELLS_HD_LPMOS_typ_1_80V_25C 
AO32HDX1            1     20.070    D_CELLS_HD_LPMOS_typ_1_80V_25C 
BTHHDX1             1     22.579    D_CELLS_HD_LPMOS_typ_1_80V_25C 
BTLHDX1             1     22.579    D_CELLS_HD_LPMOS_typ_1_80V_25C 
DFFRQHDX1           1     55.194    D_CELLS_HD_LPMOS_typ_1_80V_25C 
DFFSHDX0           19   1096.346    D_CELLS_HD_LPMOS_typ_1_80V_25C 
DFFSQHDX1          18    948.326    D_CELLS_HD_LPMOS_typ_1_80V_25C 
DFRRHDX1            7    421.478    D_CELLS_HD_LPMOS_typ_1_80V_25C 
DFRRQHDX0           1     55.194    D_CELLS_HD_LPMOS_typ_1_80V_25C 
DFRRQHDX1          43   2373.325    D_CELLS_HD_LPMOS_typ_1_80V_25C 
DFRSQHDX1           1     52.685    D_CELLS_HD_LPMOS_typ_1_80V_25C 
EO2HDX0             1     20.070    D_CELLS_HD_LPMOS_typ_1_80V_25C 
EO2HDX1             2     40.141    D_CELLS_HD_LPMOS_typ_1_80V_25C 
INHDX0              1      7.526    D_CELLS_HD_LPMOS_typ_1_80V_25C 
INHDX1             31    233.318    D_CELLS_HD_LPMOS_typ_1_80V_25C 
MU2HDX0             2     40.141    D_CELLS_HD_LPMOS_typ_1_80V_25C 
MU2IHDX1            7    122.931    D_CELLS_HD_LPMOS_typ_1_80V_25C 
NA22HDX1           17    255.898    D_CELLS_HD_LPMOS_typ_1_80V_25C 
NA2HDX1            97    973.414    D_CELLS_HD_LPMOS_typ_1_80V_25C 
NA2I1HDX1          17    213.248    D_CELLS_HD_LPMOS_typ_1_80V_25C 
NA3HDX1             2     25.088    D_CELLS_HD_LPMOS_typ_1_80V_25C 
NA3I2HDX1           1     15.053    D_CELLS_HD_LPMOS_typ_1_80V_25C 
NA4HDX1            17    255.898    D_CELLS_HD_LPMOS_typ_1_80V_25C 
NA4I3HDX1           1     17.562    D_CELLS_HD_LPMOS_typ_1_80V_25C 
NA5I3HDX1           2     40.141    D_CELLS_HD_LPMOS_typ_1_80V_25C 
NO22HDX0            2     30.106    D_CELLS_HD_LPMOS_typ_1_80V_25C 
NO2HDX1            80    802.816    D_CELLS_HD_LPMOS_typ_1_80V_25C 
NO2I1HDX0           2     25.088    D_CELLS_HD_LPMOS_typ_1_80V_25C 
NO2I1HDX1          18    225.792    D_CELLS_HD_LPMOS_typ_1_80V_25C 
NO3HDX0             2     25.088    D_CELLS_HD_LPMOS_typ_1_80V_25C 
NO3HDX1             1     12.544    D_CELLS_HD_LPMOS_typ_1_80V_25C 
NO3I1HDX0           1     15.053    D_CELLS_HD_LPMOS_typ_1_80V_25C 
NO3I2HDX0           1     15.053    D_CELLS_HD_LPMOS_typ_1_80V_25C 
NO3I2HDX1           2     30.106    D_CELLS_HD_LPMOS_typ_1_80V_25C 
NO4I2HDX0           5     87.808    D_CELLS_HD_LPMOS_typ_1_80V_25C 
NO5I3HDX1           3     60.211    D_CELLS_HD_LPMOS_typ_1_80V_25C 
NO6I5HDX1           8    220.774    D_CELLS_HD_LPMOS_typ_1_80V_25C 
OA21HDX1            1     17.562    D_CELLS_HD_LPMOS_typ_1_80V_25C 
OA221HDX1           1     25.088    D_CELLS_HD_LPMOS_typ_1_80V_25C 
OA22HDX0            1     20.070    D_CELLS_HD_LPMOS_typ_1_80V_25C 
OA22HDX1            4     80.282    D_CELLS_HD_LPMOS_typ_1_80V_25C 
OA31HDX1            1     20.070    D_CELLS_HD_LPMOS_typ_1_80V_25C 
OA321HDX1           1     25.088    D_CELLS_HD_LPMOS_typ_1_80V_25C 
OA32HDX1            1     22.579    D_CELLS_HD_LPMOS_typ_1_80V_25C 
OA33HDX1            3     75.264    D_CELLS_HD_LPMOS_typ_1_80V_25C 
ON211HDX0           3     45.158    D_CELLS_HD_LPMOS_typ_1_80V_25C 
ON21HDX1           27    338.688    D_CELLS_HD_LPMOS_typ_1_80V_25C 
ON221HDX0           4     80.282    D_CELLS_HD_LPMOS_typ_1_80V_25C 
ON22HDX0            5     75.264    D_CELLS_HD_LPMOS_typ_1_80V_25C 
ON311HDX0           3     52.685    D_CELLS_HD_LPMOS_typ_1_80V_25C 
ON31HDX0            1     15.053    D_CELLS_HD_LPMOS_typ_1_80V_25C 
ON321HDX0           3     67.738    D_CELLS_HD_LPMOS_typ_1_80V_25C 
ON32HDX0            1     17.562    D_CELLS_HD_LPMOS_typ_1_80V_25C 
OR2HDX0             1     12.544    D_CELLS_HD_LPMOS_typ_1_80V_25C 
OR2HDX1             6     75.264    D_CELLS_HD_LPMOS_typ_1_80V_25C 
SDFRRQHDX0        272  19107.021    D_CELLS_HD_LPMOS_typ_1_80V_25C 
SDFRRQHDX1        297  20863.181    D_CELLS_HD_LPMOS_typ_1_80V_25C 
-------------------------------------------------------------------
total            1285  53936.691                                   


                                          
     Type      Instances    Area   Area % 
------------------------------------------
sequential           659 44972.749   83.4 
inverter              32   240.845    0.4 
tristate               2    45.158    0.1 
logic                592  8677.939   16.1 
physical_cells         0     0.000    0.0 
------------------------------------------
total               1285 53936.691  100.0 

