============================================================
  Generated by:           Genus(TM) Synthesis Solution 21.15-s080_1
  Generated on:           Nov 25 2025  09:44:44 pm
  Module:                 I2CAndMemory
  Technology libraries:   D_CELLS_HD_LPMOS_typ_1_80V_25C 3.0.0
                          IO_CELLS_3V_LPMOS_typ_1_80V_3_30V_25C 2.1.0
  Operating conditions:   typ_1_80V_25C 
  Interconnect mode:      global
  Area mode:              physical library
============================================================

Timing
--------

Clock  Period  
---------------
clk   125000.0 


  Cost    Critical        No of gates on  Violating 
 Group   Path Slack  TNS   Critical Path    Paths   
----------------------------------------------------
clk         50966.9   0.0             15          0 
default    No paths   0.0                           
----------------------------------------------------
Total                 0.0                         0 

Instance Count
--------------
Leaf Instance Count             1285 
Physical Instance count            0 
Sequential Instance Count        659 
Combinational Instance Count     626 
Hierarchical Instance Count        2 

Area
----
Cell Area                          53936.691
Physical Cell Area                 0.000
Total Cell Area (Cell+Physical)    53936.691
Net Area                           20858.665
Total Area (Cell+Physical+Net)     74795.356

Max Fanout                         659 (clk)
Min Fanout                         1 (ADC_in[0][7])
Average Fanout                     3.5
Terms to net ratio                 4.7890
Terms to instance ratio            4.9977
Runtime                            78.545616 seconds
Elapsed Runtime                    76 seconds
Genus peak memory usage            1258.78 
Innovus peak memory usage          no_value 
Hostname                           cn88.it.auth.gr
